/afs/cs.wisc.edu/u/s/w/swamit/public/html/courses/cs552/fall2024/handouts/testprograms/public/rand_simple/t_1_add.asm SUCCESS CPI:2.5 CYCLES:83 ICOUNT:33 IHITRATE: 0 DHITRATE: 0
/afs/cs.wisc.edu/u/s/w/swamit/public/html/courses/cs552/fall2024/handouts/testprograms/public/rand_simple/t_1_addi.asm SUCCESS CPI:2.4 CYCLES:79 ICOUNT:33 IHITRATE: 0 DHITRATE: 0
/afs/cs.wisc.edu/u/s/w/swamit/public/html/courses/cs552/fall2024/handouts/testprograms/public/rand_simple/t_1_andn.asm SUCCESS CPI:2.7 CYCLES:90 ICOUNT:33 IHITRATE: 0 DHITRATE: 0
/afs/cs.wisc.edu/u/s/w/swamit/public/html/courses/cs552/fall2024/handouts/testprograms/public/rand_simple/t_1_andni.asm SUCCESS CPI:2.3 CYCLES:76 ICOUNT:33 IHITRATE: 0 DHITRATE: 0
/afs/cs.wisc.edu/u/s/w/swamit/public/html/courses/cs552/fall2024/handouts/testprograms/public/rand_simple/t_1_beqz.asm SUCCESS CPI:20.6 CYCLES:392 ICOUNT:19 IHITRATE: 0 DHITRATE: 0
/afs/cs.wisc.edu/u/s/w/swamit/public/html/courses/cs552/fall2024/handouts/testprograms/public/rand_simple/t_1_bgez.asm SUCCESS CPI:15.7 CYCLES:298 ICOUNT:19 IHITRATE: 0 DHITRATE: 0
/afs/cs.wisc.edu/u/s/w/swamit/public/html/courses/cs552/fall2024/handouts/testprograms/public/rand_simple/t_1_bltz.asm SUCCESS CPI:19.9 CYCLES:379 ICOUNT:19 IHITRATE: 0 DHITRATE: 0
/afs/cs.wisc.edu/u/s/w/swamit/public/html/courses/cs552/fall2024/handouts/testprograms/public/rand_simple/t_1_bnez.asm SUCCESS CPI:16.7 CYCLES:318 ICOUNT:19 IHITRATE: 0 DHITRATE: 0
/afs/cs.wisc.edu/u/s/w/swamit/public/html/courses/cs552/fall2024/handouts/testprograms/public/rand_simple/t_1_btr.asm SUCCESS CPI:2.5 CYCLES:84 ICOUNT:33 IHITRATE: 0 DHITRATE: 0
/afs/cs.wisc.edu/u/s/w/swamit/public/html/courses/cs552/fall2024/handouts/testprograms/public/rand_simple/t_1_j.asm SUCCESS CPI:87.1 CYCLES:88 ICOUNT:1 IHITRATE: 0 DHITRATE: 0
/afs/cs.wisc.edu/u/s/w/swamit/public/html/courses/cs552/fall2024/handouts/testprograms/public/rand_simple/t_1_jal.asm SUCCESS CPI:5.2 CYCLES:88 ICOUNT:17 IHITRATE: 0 DHITRATE: 0
/afs/cs.wisc.edu/u/s/w/swamit/public/html/courses/cs552/fall2024/handouts/testprograms/public/rand_simple/t_1_jalr.asm SUCCESS CPI:4.3 CYCLES:282 ICOUNT:65 IHITRATE: 0 DHITRATE: 0
/afs/cs.wisc.edu/u/s/w/swamit/public/html/courses/cs552/fall2024/handouts/testprograms/public/rand_simple/t_1_jr.asm SUCCESS CPI:4.3 CYCLES:282 ICOUNT:65 IHITRATE: 0 DHITRATE: 0
/afs/cs.wisc.edu/u/s/w/swamit/public/html/courses/cs552/fall2024/handouts/testprograms/public/rand_simple/t_1_lbi.asm SUCCESS CPI:2.2 CYCLES:73 ICOUNT:33 IHITRATE: 0 DHITRATE: 0
/afs/cs.wisc.edu/u/s/w/swamit/public/html/courses/cs552/fall2024/handouts/testprograms/public/rand_simple/t_1_ld.asm SUCCESS CPI:2.8 CYCLES:137 ICOUNT:49 IHITRATE: 100.0 DHITRATE: 100.0
/afs/cs.wisc.edu/u/s/w/swamit/public/html/courses/cs552/fall2024/handouts/testprograms/public/rand_simple/t_1_rol.asm SUCCESS CPI:2.6 CYCLES:86 ICOUNT:33 IHITRATE: 0 DHITRATE: 0
/afs/cs.wisc.edu/u/s/w/swamit/public/html/courses/cs552/fall2024/handouts/testprograms/public/rand_simple/t_1_roli.asm SUCCESS CPI:2.6 CYCLES:85 ICOUNT:33 IHITRATE: 0 DHITRATE: 0
/afs/cs.wisc.edu/u/s/w/swamit/public/html/courses/cs552/fall2024/handouts/testprograms/public/rand_simple/t_1_ror.asm SUCCESS CPI:2.5 CYCLES:83 ICOUNT:33 IHITRATE: 0 DHITRATE: 0
/afs/cs.wisc.edu/u/s/w/swamit/public/html/courses/cs552/fall2024/handouts/testprograms/public/rand_simple/t_1_rori.asm SUCCESS CPI:2.5 CYCLES:82 ICOUNT:33 IHITRATE: 0 DHITRATE: 0
/afs/cs.wisc.edu/u/s/w/swamit/public/html/courses/cs552/fall2024/handouts/testprograms/public/rand_simple/t_1_sco.asm SUCCESS CPI:2.3 CYCLES:75 ICOUNT:33 IHITRATE: 0 DHITRATE: 0
/afs/cs.wisc.edu/u/s/w/swamit/public/html/courses/cs552/fall2024/handouts/testprograms/public/rand_simple/t_1_seq.asm SUCCESS CPI:2.2 CYCLES:72 ICOUNT:33 IHITRATE: 0 DHITRATE: 0
/afs/cs.wisc.edu/u/s/w/swamit/public/html/courses/cs552/fall2024/handouts/testprograms/public/rand_simple/t_1_slbi.asm SUCCESS CPI:2.2 CYCLES:74 ICOUNT:33 IHITRATE: 0 DHITRATE: 0
/afs/cs.wisc.edu/u/s/w/swamit/public/html/courses/cs552/fall2024/handouts/testprograms/public/rand_simple/t_1_sle.asm SUCCESS CPI:2.3 CYCLES:77 ICOUNT:33 IHITRATE: 0 DHITRATE: 0
/afs/cs.wisc.edu/u/s/w/swamit/public/html/courses/cs552/fall2024/handouts/testprograms/public/rand_simple/t_1_sll.asm SUCCESS CPI:2.5 CYCLES:82 ICOUNT:33 IHITRATE: 0 DHITRATE: 0
/afs/cs.wisc.edu/u/s/w/swamit/public/html/courses/cs552/fall2024/handouts/testprograms/public/rand_simple/t_1_slli.asm SUCCESS CPI:2.6 CYCLES:85 ICOUNT:33 IHITRATE: 0 DHITRATE: 0
/afs/cs.wisc.edu/u/s/w/swamit/public/html/courses/cs552/fall2024/handouts/testprograms/public/rand_simple/t_1_slt.asm SUCCESS CPI:2.6 CYCLES:87 ICOUNT:33 IHITRATE: 0 DHITRATE: 0
/afs/cs.wisc.edu/u/s/w/swamit/public/html/courses/cs552/fall2024/handouts/testprograms/public/rand_simple/t_1_srl.asm SUCCESS CPI:2.4 CYCLES:78 ICOUNT:33 IHITRATE: 0 DHITRATE: 0
/afs/cs.wisc.edu/u/s/w/swamit/public/html/courses/cs552/fall2024/handouts/testprograms/public/rand_simple/t_1_srli.asm SUCCESS CPI:2.2 CYCLES:71 ICOUNT:33 IHITRATE: 0 DHITRATE: 0
/afs/cs.wisc.edu/u/s/w/swamit/public/html/courses/cs552/fall2024/handouts/testprograms/public/rand_simple/t_1_st.asm SUCCESS CPI:2.7 CYCLES:134 ICOUNT:49 IHITRATE: 0 DHITRATE: 0
/afs/cs.wisc.edu/u/s/w/swamit/public/html/courses/cs552/fall2024/handouts/testprograms/public/rand_simple/t_1_stu.asm SUCCESS CPI:2.2 CYCLES:143 ICOUNT:65 IHITRATE: 0 DHITRATE: 0
/afs/cs.wisc.edu/u/s/w/swamit/public/html/courses/cs552/fall2024/handouts/testprograms/public/rand_simple/t_1_sub.asm SUCCESS CPI:2.3 CYCLES:77 ICOUNT:33 IHITRATE: 0 DHITRATE: 0
/afs/cs.wisc.edu/u/s/w/swamit/public/html/courses/cs552/fall2024/handouts/testprograms/public/rand_simple/t_1_subi.asm SUCCESS CPI:2.6 CYCLES:86 ICOUNT:33 IHITRATE: 0 DHITRATE: 0
/afs/cs.wisc.edu/u/s/w/swamit/public/html/courses/cs552/fall2024/handouts/testprograms/public/rand_simple/t_1_xor.asm SUCCESS CPI:2.4 CYCLES:79 ICOUNT:33 IHITRATE: 0 DHITRATE: 0
/afs/cs.wisc.edu/u/s/w/swamit/public/html/courses/cs552/fall2024/handouts/testprograms/public/rand_simple/t_1_xori.asm SUCCESS CPI:2.5 CYCLES:83 ICOUNT:33 IHITRATE: 0 DHITRATE: 0
/afs/cs.wisc.edu/u/s/w/swamit/public/html/courses/cs552/fall2024/handouts/testprograms/public/rand_simple/t_2_add.asm SUCCESS CPI:2.5 CYCLES:81 ICOUNT:33 IHITRATE: 0 DHITRATE: 0
/afs/cs.wisc.edu/u/s/w/swamit/public/html/courses/cs552/fall2024/handouts/testprograms/public/rand_simple/t_2_addi.asm SUCCESS CPI:2.6 CYCLES:86 ICOUNT:33 IHITRATE: 0 DHITRATE: 0
/afs/cs.wisc.edu/u/s/w/swamit/public/html/courses/cs552/fall2024/handouts/testprograms/public/rand_simple/t_2_andn.asm SUCCESS CPI:2.3 CYCLES:77 ICOUNT:33 IHITRATE: 0 DHITRATE: 0
/afs/cs.wisc.edu/u/s/w/swamit/public/html/courses/cs552/fall2024/handouts/testprograms/public/rand_simple/t_2_andni.asm SUCCESS CPI:2.5 CYCLES:81 ICOUNT:33 IHITRATE: 0 DHITRATE: 0
/afs/cs.wisc.edu/u/s/w/swamit/public/html/courses/cs552/fall2024/handouts/testprograms/public/rand_simple/t_2_beqz.asm SUCCESS CPI:19.9 CYCLES:379 ICOUNT:19 IHITRATE: 0 DHITRATE: 0
/afs/cs.wisc.edu/u/s/w/swamit/public/html/courses/cs552/fall2024/handouts/testprograms/public/rand_simple/t_2_bgez.asm SUCCESS CPI:16.4 CYCLES:312 ICOUNT:19 IHITRATE: 0 DHITRATE: 0
/afs/cs.wisc.edu/u/s/w/swamit/public/html/courses/cs552/fall2024/handouts/testprograms/public/rand_simple/t_2_bltz.asm SUCCESS CPI:17.3 CYCLES:329 ICOUNT:19 IHITRATE: 0 DHITRATE: 0
/afs/cs.wisc.edu/u/s/w/swamit/public/html/courses/cs552/fall2024/handouts/testprograms/public/rand_simple/t_2_bnez.asm SUCCESS CPI:16.8 CYCLES:319 ICOUNT:19 IHITRATE: 0 DHITRATE: 0
/afs/cs.wisc.edu/u/s/w/swamit/public/html/courses/cs552/fall2024/handouts/testprograms/public/rand_simple/t_2_btr.asm SUCCESS CPI:2.5 CYCLES:84 ICOUNT:33 IHITRATE: 0 DHITRATE: 0
/afs/cs.wisc.edu/u/s/w/swamit/public/html/courses/cs552/fall2024/handouts/testprograms/public/rand_simple/t_2_j.asm SUCCESS CPI:87.1 CYCLES:88 ICOUNT:1 IHITRATE: 0 DHITRATE: 0
/afs/cs.wisc.edu/u/s/w/swamit/public/html/courses/cs552/fall2024/handouts/testprograms/public/rand_simple/t_2_jal.asm SUCCESS CPI:5.2 CYCLES:88 ICOUNT:17 IHITRATE: 0 DHITRATE: 0
/afs/cs.wisc.edu/u/s/w/swamit/public/html/courses/cs552/fall2024/handouts/testprograms/public/rand_simple/t_2_jalr.asm SUCCESS CPI:4.3 CYCLES:282 ICOUNT:65 IHITRATE: 0 DHITRATE: 0
/afs/cs.wisc.edu/u/s/w/swamit/public/html/courses/cs552/fall2024/handouts/testprograms/public/rand_simple/t_2_jr.asm SUCCESS CPI:4.4 CYCLES:287 ICOUNT:65 IHITRATE: 0 DHITRATE: 0
/afs/cs.wisc.edu/u/s/w/swamit/public/html/courses/cs552/fall2024/handouts/testprograms/public/rand_simple/t_2_lbi.asm SUCCESS CPI:2.2 CYCLES:74 ICOUNT:33 IHITRATE: 0 DHITRATE: 0
/afs/cs.wisc.edu/u/s/w/swamit/public/html/courses/cs552/fall2024/handouts/testprograms/public/rand_simple/t_2_ld.asm SUCCESS CPI:2.6 CYCLES:128 ICOUNT:49 IHITRATE: 100.0 DHITRATE: 100.0
/afs/cs.wisc.edu/u/s/w/swamit/public/html/courses/cs552/fall2024/handouts/testprograms/public/rand_simple/t_2_rol.asm SUCCESS CPI:2.2 CYCLES:74 ICOUNT:33 IHITRATE: 0 DHITRATE: 0
/afs/cs.wisc.edu/u/s/w/swamit/public/html/courses/cs552/fall2024/handouts/testprograms/public/rand_simple/t_2_roli.asm SUCCESS CPI:2.3 CYCLES:76 ICOUNT:33 IHITRATE: 0 DHITRATE: 0
/afs/cs.wisc.edu/u/s/w/swamit/public/html/courses/cs552/fall2024/handouts/testprograms/public/rand_simple/t_2_ror.asm SUCCESS CPI:2.4 CYCLES:79 ICOUNT:33 IHITRATE: 0 DHITRATE: 0
/afs/cs.wisc.edu/u/s/w/swamit/public/html/courses/cs552/fall2024/handouts/testprograms/public/rand_simple/t_2_rori.asm SUCCESS CPI:2.5 CYCLES:81 ICOUNT:33 IHITRATE: 0 DHITRATE: 0
/afs/cs.wisc.edu/u/s/w/swamit/public/html/courses/cs552/fall2024/handouts/testprograms/public/rand_simple/t_2_sco.asm SUCCESS CPI:2.3 CYCLES:77 ICOUNT:33 IHITRATE: 0 DHITRATE: 0
/afs/cs.wisc.edu/u/s/w/swamit/public/html/courses/cs552/fall2024/handouts/testprograms/public/rand_simple/t_2_seq.asm SUCCESS CPI:2.5 CYCLES:83 ICOUNT:33 IHITRATE: 0 DHITRATE: 0
/afs/cs.wisc.edu/u/s/w/swamit/public/html/courses/cs552/fall2024/handouts/testprograms/public/rand_simple/t_2_slbi.asm SUCCESS CPI:2.4 CYCLES:80 ICOUNT:33 IHITRATE: 0 DHITRATE: 0
/afs/cs.wisc.edu/u/s/w/swamit/public/html/courses/cs552/fall2024/handouts/testprograms/public/rand_simple/t_2_sle.asm SUCCESS CPI:2.4 CYCLES:80 ICOUNT:33 IHITRATE: 0 DHITRATE: 0
/afs/cs.wisc.edu/u/s/w/swamit/public/html/courses/cs552/fall2024/handouts/testprograms/public/rand_simple/t_2_sll.asm SUCCESS CPI:2.4 CYCLES:80 ICOUNT:33 IHITRATE: 0 DHITRATE: 0
/afs/cs.wisc.edu/u/s/w/swamit/public/html/courses/cs552/fall2024/handouts/testprograms/public/rand_simple/t_2_slli.asm SUCCESS CPI:2.3 CYCLES:77 ICOUNT:33 IHITRATE: 0 DHITRATE: 0
/afs/cs.wisc.edu/u/s/w/swamit/public/html/courses/cs552/fall2024/handouts/testprograms/public/rand_simple/t_2_slt.asm SUCCESS CPI:2.3 CYCLES:77 ICOUNT:33 IHITRATE: 0 DHITRATE: 0
/afs/cs.wisc.edu/u/s/w/swamit/public/html/courses/cs552/fall2024/handouts/testprograms/public/rand_simple/t_2_srl.asm SUCCESS CPI:2.3 CYCLES:77 ICOUNT:33 IHITRATE: 0 DHITRATE: 0
/afs/cs.wisc.edu/u/s/w/swamit/public/html/courses/cs552/fall2024/handouts/testprograms/public/rand_simple/t_2_srli.asm SUCCESS CPI:2.5 CYCLES:82 ICOUNT:33 IHITRATE: 0 DHITRATE: 0
/afs/cs.wisc.edu/u/s/w/swamit/public/html/courses/cs552/fall2024/handouts/testprograms/public/rand_simple/t_2_st.asm SUCCESS CPI:2.7 CYCLES:134 ICOUNT:49 IHITRATE: 0 DHITRATE: 0
/afs/cs.wisc.edu/u/s/w/swamit/public/html/courses/cs552/fall2024/handouts/testprograms/public/rand_simple/t_2_stu.asm SUCCESS CPI:2.1 CYCLES:137 ICOUNT:65 IHITRATE: 0 DHITRATE: 0
/afs/cs.wisc.edu/u/s/w/swamit/public/html/courses/cs552/fall2024/handouts/testprograms/public/rand_simple/t_2_sub.asm SUCCESS CPI:2.3 CYCLES:77 ICOUNT:33 IHITRATE: 0 DHITRATE: 0
/afs/cs.wisc.edu/u/s/w/swamit/public/html/courses/cs552/fall2024/handouts/testprograms/public/rand_simple/t_2_subi.asm SUCCESS CPI:2.5 CYCLES:84 ICOUNT:33 IHITRATE: 0 DHITRATE: 0
/afs/cs.wisc.edu/u/s/w/swamit/public/html/courses/cs552/fall2024/handouts/testprograms/public/rand_simple/t_2_xor.asm SUCCESS CPI:2.3 CYCLES:76 ICOUNT:33 IHITRATE: 0 DHITRATE: 0
/afs/cs.wisc.edu/u/s/w/swamit/public/html/courses/cs552/fall2024/handouts/testprograms/public/rand_simple/t_2_xori.asm SUCCESS CPI:2.7 CYCLES:88 ICOUNT:33 IHITRATE: 0 DHITRATE: 0
/afs/cs.wisc.edu/u/s/w/swamit/public/html/courses/cs552/fall2024/handouts/testprograms/public/rand_simple/t_3_add.asm SUCCESS CPI:2.6 CYCLES:86 ICOUNT:33 IHITRATE: 0 DHITRATE: 0
/afs/cs.wisc.edu/u/s/w/swamit/public/html/courses/cs552/fall2024/handouts/testprograms/public/rand_simple/t_3_addi.asm SUCCESS CPI:2.5 CYCLES:82 ICOUNT:33 IHITRATE: 0 DHITRATE: 0
/afs/cs.wisc.edu/u/s/w/swamit/public/html/courses/cs552/fall2024/handouts/testprograms/public/rand_simple/t_3_andn.asm SUCCESS CPI:2.6 CYCLES:86 ICOUNT:33 IHITRATE: 0 DHITRATE: 0
/afs/cs.wisc.edu/u/s/w/swamit/public/html/courses/cs552/fall2024/handouts/testprograms/public/rand_simple/t_3_andni.asm SUCCESS CPI:2.5 CYCLES:81 ICOUNT:33 IHITRATE: 0 DHITRATE: 0
/afs/cs.wisc.edu/u/s/w/swamit/public/html/courses/cs552/fall2024/handouts/testprograms/public/rand_simple/t_3_beqz.asm SUCCESS CPI:21.0 CYCLES:399 ICOUNT:19 IHITRATE: 0 DHITRATE: 0
/afs/cs.wisc.edu/u/s/w/swamit/public/html/courses/cs552/fall2024/handouts/testprograms/public/rand_simple/t_3_bgez.asm SUCCESS CPI:14.8 CYCLES:281 ICOUNT:19 IHITRATE: 0 DHITRATE: 0
/afs/cs.wisc.edu/u/s/w/swamit/public/html/courses/cs552/fall2024/handouts/testprograms/public/rand_simple/t_3_bltz.asm SUCCESS CPI:13.4 CYCLES:254 ICOUNT:19 IHITRATE: 0 DHITRATE: 0
/afs/cs.wisc.edu/u/s/w/swamit/public/html/courses/cs552/fall2024/handouts/testprograms/public/rand_simple/t_3_bnez.asm SUCCESS CPI:15.1 CYCLES:288 ICOUNT:19 IHITRATE: 0 DHITRATE: 0
/afs/cs.wisc.edu/u/s/w/swamit/public/html/courses/cs552/fall2024/handouts/testprograms/public/rand_simple/t_3_btr.asm SUCCESS CPI:2.5 CYCLES:84 ICOUNT:33 IHITRATE: 0 DHITRATE: 0
/afs/cs.wisc.edu/u/s/w/swamit/public/html/courses/cs552/fall2024/handouts/testprograms/public/rand_simple/t_3_j.asm SUCCESS CPI:87.1 CYCLES:88 ICOUNT:1 IHITRATE: 0 DHITRATE: 0
/afs/cs.wisc.edu/u/s/w/swamit/public/html/courses/cs552/fall2024/handouts/testprograms/public/rand_simple/t_3_jal.asm SUCCESS CPI:5.2 CYCLES:88 ICOUNT:17 IHITRATE: 0 DHITRATE: 0
/afs/cs.wisc.edu/u/s/w/swamit/public/html/courses/cs552/fall2024/handouts/testprograms/public/rand_simple/t_3_jalr.asm SUCCESS CPI:4.3 CYCLES:282 ICOUNT:65 IHITRATE: 0 DHITRATE: 0
/afs/cs.wisc.edu/u/s/w/swamit/public/html/courses/cs552/fall2024/handouts/testprograms/public/rand_simple/t_3_jr.asm SUCCESS CPI:4.4 CYCLES:285 ICOUNT:65 IHITRATE: 0 DHITRATE: 0
/afs/cs.wisc.edu/u/s/w/swamit/public/html/courses/cs552/fall2024/handouts/testprograms/public/rand_simple/t_3_lbi.asm SUCCESS CPI:2.2 CYCLES:74 ICOUNT:33 IHITRATE: 0 DHITRATE: 0
/afs/cs.wisc.edu/u/s/w/swamit/public/html/courses/cs552/fall2024/handouts/testprograms/public/rand_simple/t_3_ld.asm SUCCESS CPI:2.7 CYCLES:134 ICOUNT:49 IHITRATE: 100.0 DHITRATE: 100.0
/afs/cs.wisc.edu/u/s/w/swamit/public/html/courses/cs552/fall2024/handouts/testprograms/public/rand_simple/t_3_rol.asm SUCCESS CPI:2.5 CYCLES:83 ICOUNT:33 IHITRATE: 0 DHITRATE: 0
/afs/cs.wisc.edu/u/s/w/swamit/public/html/courses/cs552/fall2024/handouts/testprograms/public/rand_simple/t_3_roli.asm SUCCESS CPI:2.4 CYCLES:79 ICOUNT:33 IHITRATE: 0 DHITRATE: 0
/afs/cs.wisc.edu/u/s/w/swamit/public/html/courses/cs552/fall2024/handouts/testprograms/public/rand_simple/t_3_ror.asm SUCCESS CPI:2.4 CYCLES:78 ICOUNT:33 IHITRATE: 0 DHITRATE: 0
/afs/cs.wisc.edu/u/s/w/swamit/public/html/courses/cs552/fall2024/handouts/testprograms/public/rand_simple/t_3_rori.asm SUCCESS CPI:2.4 CYCLES:79 ICOUNT:33 IHITRATE: 0 DHITRATE: 0
/afs/cs.wisc.edu/u/s/w/swamit/public/html/courses/cs552/fall2024/handouts/testprograms/public/rand_simple/t_3_sco.asm SUCCESS CPI:2.5 CYCLES:81 ICOUNT:33 IHITRATE: 0 DHITRATE: 0
/afs/cs.wisc.edu/u/s/w/swamit/public/html/courses/cs552/fall2024/handouts/testprograms/public/rand_simple/t_3_seq.asm SUCCESS CPI:2.5 CYCLES:82 ICOUNT:33 IHITRATE: 0 DHITRATE: 0
/afs/cs.wisc.edu/u/s/w/swamit/public/html/courses/cs552/fall2024/handouts/testprograms/public/rand_simple/t_3_slbi.asm SUCCESS CPI:2.1 CYCLES:70 ICOUNT:33 IHITRATE: 0 DHITRATE: 0
/afs/cs.wisc.edu/u/s/w/swamit/public/html/courses/cs552/fall2024/handouts/testprograms/public/rand_simple/t_3_sle.asm SUCCESS CPI:2.5 CYCLES:84 ICOUNT:33 IHITRATE: 0 DHITRATE: 0
/afs/cs.wisc.edu/u/s/w/swamit/public/html/courses/cs552/fall2024/handouts/testprograms/public/rand_simple/t_3_sll.asm SUCCESS CPI:2.5 CYCLES:84 ICOUNT:33 IHITRATE: 0 DHITRATE: 0
/afs/cs.wisc.edu/u/s/w/swamit/public/html/courses/cs552/fall2024/handouts/testprograms/public/rand_simple/t_3_slli.asm SUCCESS CPI:2.4 CYCLES:78 ICOUNT:33 IHITRATE: 0 DHITRATE: 0
/afs/cs.wisc.edu/u/s/w/swamit/public/html/courses/cs552/fall2024/handouts/testprograms/public/rand_simple/t_3_slt.asm SUCCESS CPI:2.4 CYCLES:79 ICOUNT:33 IHITRATE: 0 DHITRATE: 0
/afs/cs.wisc.edu/u/s/w/swamit/public/html/courses/cs552/fall2024/handouts/testprograms/public/rand_simple/t_3_srl.asm SUCCESS CPI:2.4 CYCLES:78 ICOUNT:33 IHITRATE: 0 DHITRATE: 0
/afs/cs.wisc.edu/u/s/w/swamit/public/html/courses/cs552/fall2024/handouts/testprograms/public/rand_simple/t_3_srli.asm SUCCESS CPI:2.5 CYCLES:82 ICOUNT:33 IHITRATE: 0 DHITRATE: 0
/afs/cs.wisc.edu/u/s/w/swamit/public/html/courses/cs552/fall2024/handouts/testprograms/public/rand_simple/t_3_st.asm SUCCESS CPI:2.8 CYCLES:137 ICOUNT:49 IHITRATE: 0 DHITRATE: 0
/afs/cs.wisc.edu/u/s/w/swamit/public/html/courses/cs552/fall2024/handouts/testprograms/public/rand_simple/t_3_stu.asm SUCCESS CPI:2.1 CYCLES:134 ICOUNT:65 IHITRATE: 0 DHITRATE: 0
/afs/cs.wisc.edu/u/s/w/swamit/public/html/courses/cs552/fall2024/handouts/testprograms/public/rand_simple/t_3_sub.asm SUCCESS CPI:2.3 CYCLES:77 ICOUNT:33 IHITRATE: 0 DHITRATE: 0
/afs/cs.wisc.edu/u/s/w/swamit/public/html/courses/cs552/fall2024/handouts/testprograms/public/rand_simple/t_3_subi.asm SUCCESS CPI:2.4 CYCLES:79 ICOUNT:33 IHITRATE: 0 DHITRATE: 0
/afs/cs.wisc.edu/u/s/w/swamit/public/html/courses/cs552/fall2024/handouts/testprograms/public/rand_simple/t_3_xor.asm SUCCESS CPI:2.5 CYCLES:81 ICOUNT:33 IHITRATE: 0 DHITRATE: 0
/afs/cs.wisc.edu/u/s/w/swamit/public/html/courses/cs552/fall2024/handouts/testprograms/public/rand_simple/t_3_xori.asm SUCCESS CPI:2.4 CYCLES:80 ICOUNT:33 IHITRATE: 0 DHITRATE: 0
/afs/cs.wisc.edu/u/s/w/swamit/public/html/courses/cs552/fall2024/handouts/testprograms/public/rand_simple/t_4_add.asm SUCCESS CPI:2.5 CYCLES:83 ICOUNT:33 IHITRATE: 0 DHITRATE: 0
/afs/cs.wisc.edu/u/s/w/swamit/public/html/courses/cs552/fall2024/handouts/testprograms/public/rand_simple/t_4_addi.asm SUCCESS CPI:2.5 CYCLES:81 ICOUNT:33 IHITRATE: 0 DHITRATE: 0
/afs/cs.wisc.edu/u/s/w/swamit/public/html/courses/cs552/fall2024/handouts/testprograms/public/rand_simple/t_4_andn.asm SUCCESS CPI:2.4 CYCLES:80 ICOUNT:33 IHITRATE: 0 DHITRATE: 0
/afs/cs.wisc.edu/u/s/w/swamit/public/html/courses/cs552/fall2024/handouts/testprograms/public/rand_simple/t_4_andni.asm SUCCESS CPI:2.5 CYCLES:82 ICOUNT:33 IHITRATE: 0 DHITRATE: 0
/afs/cs.wisc.edu/u/s/w/swamit/public/html/courses/cs552/fall2024/handouts/testprograms/public/rand_simple/t_4_beqz.asm SUCCESS CPI:19.9 CYCLES:378 ICOUNT:19 IHITRATE: 0 DHITRATE: 0
/afs/cs.wisc.edu/u/s/w/swamit/public/html/courses/cs552/fall2024/handouts/testprograms/public/rand_simple/t_4_bgez.asm SUCCESS CPI:16.9 CYCLES:322 ICOUNT:19 IHITRATE: 0 DHITRATE: 0
/afs/cs.wisc.edu/u/s/w/swamit/public/html/courses/cs552/fall2024/handouts/testprograms/public/rand_simple/t_4_bltz.asm SUCCESS CPI:18.7 CYCLES:356 ICOUNT:19 IHITRATE: 0 DHITRATE: 0
/afs/cs.wisc.edu/u/s/w/swamit/public/html/courses/cs552/fall2024/handouts/testprograms/public/rand_simple/t_4_bnez.asm SUCCESS CPI:16.9 CYCLES:322 ICOUNT:19 IHITRATE: 0 DHITRATE: 0
/afs/cs.wisc.edu/u/s/w/swamit/public/html/courses/cs552/fall2024/handouts/testprograms/public/rand_simple/t_4_btr.asm SUCCESS CPI:2.6 CYCLES:86 ICOUNT:33 IHITRATE: 0 DHITRATE: 0
/afs/cs.wisc.edu/u/s/w/swamit/public/html/courses/cs552/fall2024/handouts/testprograms/public/rand_simple/t_4_j.asm SUCCESS CPI:87.1 CYCLES:88 ICOUNT:1 IHITRATE: 0 DHITRATE: 0
/afs/cs.wisc.edu/u/s/w/swamit/public/html/courses/cs552/fall2024/handouts/testprograms/public/rand_simple/t_4_jal.asm SUCCESS CPI:5.2 CYCLES:88 ICOUNT:17 IHITRATE: 0 DHITRATE: 0
/afs/cs.wisc.edu/u/s/w/swamit/public/html/courses/cs552/fall2024/handouts/testprograms/public/rand_simple/t_4_jalr.asm SUCCESS CPI:4.4 CYCLES:284 ICOUNT:65 IHITRATE: 0 DHITRATE: 0
/afs/cs.wisc.edu/u/s/w/swamit/public/html/courses/cs552/fall2024/handouts/testprograms/public/rand_simple/t_4_jr.asm SUCCESS CPI:4.4 CYCLES:288 ICOUNT:65 IHITRATE: 0 DHITRATE: 0
/afs/cs.wisc.edu/u/s/w/swamit/public/html/courses/cs552/fall2024/handouts/testprograms/public/rand_simple/t_4_lbi.asm SUCCESS CPI:2.5 CYCLES:81 ICOUNT:33 IHITRATE: 0 DHITRATE: 0
/afs/cs.wisc.edu/u/s/w/swamit/public/html/courses/cs552/fall2024/handouts/testprograms/public/rand_simple/t_4_ld.asm SUCCESS CPI:2.8 CYCLES:137 ICOUNT:49 IHITRATE: 100.0 DHITRATE: 100.0
/afs/cs.wisc.edu/u/s/w/swamit/public/html/courses/cs552/fall2024/handouts/testprograms/public/rand_simple/t_4_rol.asm SUCCESS CPI:2.6 CYCLES:85 ICOUNT:33 IHITRATE: 0 DHITRATE: 0
/afs/cs.wisc.edu/u/s/w/swamit/public/html/courses/cs552/fall2024/handouts/testprograms/public/rand_simple/t_4_roli.asm SUCCESS CPI:2.6 CYCLES:85 ICOUNT:33 IHITRATE: 0 DHITRATE: 0
/afs/cs.wisc.edu/u/s/w/swamit/public/html/courses/cs552/fall2024/handouts/testprograms/public/rand_simple/t_4_ror.asm SUCCESS CPI:2.4 CYCLES:79 ICOUNT:33 IHITRATE: 0 DHITRATE: 0
/afs/cs.wisc.edu/u/s/w/swamit/public/html/courses/cs552/fall2024/handouts/testprograms/public/rand_simple/t_4_rori.asm SUCCESS CPI:2.4 CYCLES:79 ICOUNT:33 IHITRATE: 0 DHITRATE: 0
/afs/cs.wisc.edu/u/s/w/swamit/public/html/courses/cs552/fall2024/handouts/testprograms/public/rand_simple/t_4_sco.asm SUCCESS CPI:2.4 CYCLES:78 ICOUNT:33 IHITRATE: 0 DHITRATE: 0
/afs/cs.wisc.edu/u/s/w/swamit/public/html/courses/cs552/fall2024/handouts/testprograms/public/rand_simple/t_4_seq.asm SUCCESS CPI:2.3 CYCLES:76 ICOUNT:33 IHITRATE: 0 DHITRATE: 0
/afs/cs.wisc.edu/u/s/w/swamit/public/html/courses/cs552/fall2024/handouts/testprograms/public/rand_simple/t_4_slbi.asm SUCCESS CPI:2.2 CYCLES:71 ICOUNT:33 IHITRATE: 0 DHITRATE: 0
/afs/cs.wisc.edu/u/s/w/swamit/public/html/courses/cs552/fall2024/handouts/testprograms/public/rand_simple/t_4_sle.asm SUCCESS CPI:2.3 CYCLES:75 ICOUNT:33 IHITRATE: 0 DHITRATE: 0
/afs/cs.wisc.edu/u/s/w/swamit/public/html/courses/cs552/fall2024/handouts/testprograms/public/rand_simple/t_4_sll.asm SUCCESS CPI:2.7 CYCLES:89 ICOUNT:33 IHITRATE: 0 DHITRATE: 0
/afs/cs.wisc.edu/u/s/w/swamit/public/html/courses/cs552/fall2024/handouts/testprograms/public/rand_simple/t_4_slli.asm SUCCESS CPI:2.4 CYCLES:78 ICOUNT:33 IHITRATE: 0 DHITRATE: 0
/afs/cs.wisc.edu/u/s/w/swamit/public/html/courses/cs552/fall2024/handouts/testprograms/public/rand_simple/t_4_slt.asm SUCCESS CPI:2.1 CYCLES:70 ICOUNT:33 IHITRATE: 0 DHITRATE: 0
/afs/cs.wisc.edu/u/s/w/swamit/public/html/courses/cs552/fall2024/handouts/testprograms/public/rand_simple/t_4_srl.asm SUCCESS CPI:2.4 CYCLES:78 ICOUNT:33 IHITRATE: 0 DHITRATE: 0
/afs/cs.wisc.edu/u/s/w/swamit/public/html/courses/cs552/fall2024/handouts/testprograms/public/rand_simple/t_4_srli.asm SUCCESS CPI:2.6 CYCLES:85 ICOUNT:33 IHITRATE: 0 DHITRATE: 0
/afs/cs.wisc.edu/u/s/w/swamit/public/html/courses/cs552/fall2024/handouts/testprograms/public/rand_simple/t_4_st.asm SUCCESS CPI:2.7 CYCLES:131 ICOUNT:49 IHITRATE: 0 DHITRATE: 0
/afs/cs.wisc.edu/u/s/w/swamit/public/html/courses/cs552/fall2024/handouts/testprograms/public/rand_simple/t_4_stu.asm SUCCESS CPI:2.2 CYCLES:140 ICOUNT:65 IHITRATE: 0 DHITRATE: 0
/afs/cs.wisc.edu/u/s/w/swamit/public/html/courses/cs552/fall2024/handouts/testprograms/public/rand_simple/t_4_sub.asm SUCCESS CPI:2.5 CYCLES:81 ICOUNT:33 IHITRATE: 0 DHITRATE: 0
/afs/cs.wisc.edu/u/s/w/swamit/public/html/courses/cs552/fall2024/handouts/testprograms/public/rand_simple/t_4_subi.asm SUCCESS CPI:2.4 CYCLES:80 ICOUNT:33 IHITRATE: 0 DHITRATE: 0
/afs/cs.wisc.edu/u/s/w/swamit/public/html/courses/cs552/fall2024/handouts/testprograms/public/rand_simple/t_4_xor.asm SUCCESS CPI:2.5 CYCLES:83 ICOUNT:33 IHITRATE: 0 DHITRATE: 0
/afs/cs.wisc.edu/u/s/w/swamit/public/html/courses/cs552/fall2024/handouts/testprograms/public/rand_simple/t_4_xori.asm SUCCESS CPI:2.4 CYCLES:80 ICOUNT:33 IHITRATE: 0 DHITRATE: 0
