SIMLOG:: Cycle           4 PC: 00000000 I: 0000c000 R: 0   0 00000000 M: 0 0 00000000 00000000
SIMLOG:: Cycle           5 PC: 00000000 I: 0000c52b R: 0   0 00000000 M: 0 0 00000000 00000000
SIMLOG:: Cycle           6 PC: 00000000 I: 0000c62b R: 0   0 00000000 M: 0 0 00000000 00000000
SIMLOG:: Cycle           7 PC: 00000000 I: 0000c72b R: 0   0 00000000 M: 0 0 00000000 00000000
SIMLOG:: Cycle           8 PC: 00000002 I: 00008820 R: 1   0 00000000 M: 0 0 0000002b 00000000
SIMLOG:: Cycle           9 PC: 00000004 I: 000081a0 R: 1   5 0000002b M: 0 0 0000002b 00000000
SIMLOG:: Cycle          10 PC: 00000006 I: 00008822 R: 1   6 0000002b M: 0 0 0000002b 00000000
SIMLOG:: Cycle          11 PC: 00000008 I: 00008822 R: 1   7 0000002b M: 1 0 00000000 00000000
SIMLOG:: Cycle          12 PC: 0000000a I: 00008822 R: 1   1 0000c000 M: 0 0 0000002b 0000002b
SIMLOG:: Cycle          13 PC: 0000000a I: 000081c1 R: 0   0 0000002b M: 0 0 0000002b 0000002b
SIMLOG:: Cycle          14 PC: 0000000a I: 000081c1 R: 0   0 0000002b M: 0 1 0000c000 0000002b
SIMLOG:: Cycle          15 PC: 0000000c I: 000081c1 R: 0   0 0000c000 M: 0 0 0000c000 0000c000
SIMLOG:: Cycle          16 PC: 0000000c I: 00008824 R: 0   1 0000c000 M: 0 0 0000c000 0000c000
SIMLOG:: Cycle          17 PC: 0000000c I: 00008824 R: 0   1 0000c000 M: 1 0 00000002 0000c000
SIMLOG:: Cycle          18 PC: 0000000c I: 00008824 R: 1   1 0000c52b M: 0 0 0000002b 0000002b
SIMLOG:: Cycle          19 PC: 0000000c I: 000081e1 R: 0   0 0000002b M: 0 0 0000002b 0000002b
SIMLOG:: Cycle          20 PC: 0000000c I: 000081e1 R: 0   0 0000002b M: 0 1 0000c52c 0000002b
SIMLOG:: Cycle          21 PC: 0000000c I: 000081e1 R: 0   0 0000c52c M: 0 0 0000c52b 0000c52b
SIMLOG:: Cycle          22 PC: 0000000c I: 00000000 R: 0   1 0000c52b M: 0 0 0000c52b 0000c52b
SIMLOG:: Cycle          23 PC: 0000000c I: 00000000 R: 0   1 0000c52b M: 1 0 00000004 0000c52b
SIMLOG:: Cycle          24 PC: 0000000c I: 00000000 R: 1   1 0000c62b M: 0 0 0000002b 0000002b
SIMLOG:: Cycle          25 PC: 0000000c I: 00000000 R: 0   0 0000002b M: 0 0 0000002b 0000002b
SIMLOG:: Cycle          26 PC: 0000000c I: 00000000 R: 0   0 0000002b M: 0 1 0000c62c 0000002b
SIMLOG:: Cycle          27 PC: 0000000c I: 00000000 R: 0   0 0000c62c M: 0 0 00000000 00000000
SIMLOG:: Cycle          28 PC: 0000000c I: 00000000 R: 0   0 00000000 M: 0 0 00000000 00000000
SIMLOG:: Cycle          29 PC: 0000000c I: 00000000 R: 0   0 00000000 M: 0 0 00000000 00000000
SIMLOG:: Cycle          30 PC: 0000000c I: 00000000 R: 0   0 00000000 M: 0 0 00000000 00000000
SIMLOG:: Processor halted

SIMLOG:: sim_cycles          30

SIMLOG:: inst_count          11

SIMLOG:: dcachehit_count           2

SIMLOG:: icachehit_count           2

SIMLOG:: dcachereq_count           2

SIMLOG:: icachereq_count           2

