Model Technology ModelSim DE vlog 10.7c Compiler 2018.08 Aug 17 2018
Start time: 12:32:28 on Nov 15,2024
vlog "+define+RANDSEED=3" -work __work alu_control.v alu.v br_control.v carry_1b.v carry_4b.v cla_16b.v cla_4b.v clkrst.v control.v decode_execute_latch.v decode.v dff.v execute_memory_latch.v execute.v extension.v fetch_decode_latch.v fetch.v fullAdder_1b.v hdu.v left_shift_rot.v memory2c.v memory.v memory_wb_latch.v nand2.v nor2.v not1.v overflow.v proc_hier_pbench.v proc_hier.v proc.v regFile_bypass_hier.v regFile_bypass.v regFile.v register.v right_shift_rot_log.v shifter.v wb.v xor2.v 
-- Compiling module alu_control
-- Compiling module alu
-- Compiling module br_control
-- Compiling module carry_1b
-- Compiling module carry_4b
-- Compiling module cla_16b
-- Compiling module cla_4b
-- Compiling module clkrst
-- Compiling module control
-- Compiling module decode_execute_latch
-- Compiling module decode
-- Compiling module dff
-- Compiling module execute_memory_latch
-- Compiling module execute
-- Compiling module extension
-- Compiling module fetch_decode_latch
-- Compiling module fetch
-- Compiling module fullAdder_1b
-- Compiling module hdu
-- Compiling module left_shift_rot
-- Compiling module memory2c
-- Compiling module memory
-- Compiling module memory_wb_latch
-- Compiling module nand2
-- Compiling module nor2
-- Compiling module not1
-- Compiling module overflow
-- Compiling module proc_hier_pbench
-- Compiling module proc_hier
-- Compiling module proc
-- Compiling module regFile_bypass_hier
-- Compiling module regFile_bypass
-- Compiling module regFile
-- Compiling module register
-- Compiling module right_shift_rot_log
-- Compiling module shifter
-- Compiling module wb
-- Compiling module xor2

Top level modules:
	proc_hier_pbench
	regFile_bypass_hier
End time: 12:32:28 on Nov 15,2024, Elapsed time: 0:00:00
Errors: 0, Warnings: 0
Reading pref.tcl

# 10.7c

# vsim -c proc_hier_pbench -lib __work -voptargs="+acc" -wlf dump.wlf -do "log -howmany -rec /* ; run -all" 
# Start time: 12:32:30 on Nov 15,2024
# //  ModelSim DE 10.7c Aug 17 2018Linux 5.15.0-125-generic
# //
# //  Copyright 1991-2018 Mentor Graphics Corporation
# //  All Rights Reserved.
# //
# //  ModelSim DE and its associated documentation contain trade
# //  secrets and commercial or financial information that are the property of
# //  Mentor Graphics Corporation and are privileged, confidential,
# //  and exempt from disclosure under the Freedom of Information Act,
# //  5 U.S.C. Section 552. Furthermore, this information
# //  is prohibited from disclosure under the Trade Secrets Act,
# //  18 U.S.C. Section 1905.
# //
# Loading __work.proc_hier_pbench
# Loading __work.proc_hier
# Loading __work.clkrst
# Loading __work.proc
# Loading __work.fetch
# Loading __work.register
# Loading __work.cla_16b
# Loading __work.cla_4b
# Loading __work.fullAdder_1b
# Loading __work.xor2
# Loading __work.nand2
# Loading __work.not1
# Loading __work.nor2
# Loading __work.carry_4b
# Loading __work.carry_1b
# Loading __work.memory2c
# Loading __work.fetch_decode_latch
# Loading __work.hdu
# Loading __work.control
# Loading __work.decode
# Loading __work.regFile_bypass
# Loading __work.regFile
# Loading __work.extension
# Loading __work.decode_execute_latch
# Loading __work.alu_control
# Loading __work.execute
# Loading __work.alu
# Loading __work.shifter
# Loading __work.left_shift_rot
# Loading __work.right_shift_rot_log
# Loading __work.overflow
# Loading __work.br_control
# Loading __work.execute_memory_latch
# Loading __work.memory
# Loading __work.memory_wb_latch
# Loading __work.wb
# Loading __work.dff
# log -howmany -rec /* 
# 6530
#  run -all
# Hello world...simulation starting
# See verilogsim.log and verilogsim.ptrace for output
# ** Note: $finish    : proc_hier_pbench.v(116)
#    Time: 2505 ns  Iteration: 0  Instance: /proc_hier_pbench
# End time: 12:32:31 on Nov 15,2024, Elapsed time: 0:00:01
# Errors: 0, Warnings: 0
Full name to pass to Assemble.java: /afs/cs.wisc.edu/u/s/w/swamit/public/html/courses/cs552/fall2024/handouts/testprograms/public/inst_tests/unaligned/bgez_1.asm
Created the following files
loadfile_0.img
loadfile_1.img
loadfile_2.img
loadfile_3.img
loadfile_all.img
loadfile.lst
Reading pref.tcl

# 10.7c

# vsim -c proc_hier_pbench -lib __work -voptargs="+acc" -wlf dump.wlf -do "log -howmany -rec /* ; run -all" 
# Start time: 12:32:34 on Nov 15,2024
# //  ModelSim DE 10.7c Aug 17 2018Linux 5.15.0-125-generic
# //
# //  Copyright 1991-2018 Mentor Graphics Corporation
# //  All Rights Reserved.
# //
# //  ModelSim DE and its associated documentation contain trade
# //  secrets and commercial or financial information that are the property of
# //  Mentor Graphics Corporation and are privileged, confidential,
# //  and exempt from disclosure under the Freedom of Information Act,
# //  5 U.S.C. Section 552. Furthermore, this information
# //  is prohibited from disclosure under the Trade Secrets Act,
# //  18 U.S.C. Section 1905.
# //
# Loading __work.proc_hier_pbench
# Loading __work.proc_hier
# Loading __work.clkrst
# Loading __work.proc
# Loading __work.fetch
# Loading __work.register
# Loading __work.cla_16b
# Loading __work.cla_4b
# Loading __work.fullAdder_1b
# Loading __work.xor2
# Loading __work.nand2
# Loading __work.not1
# Loading __work.nor2
# Loading __work.carry_4b
# Loading __work.carry_1b
# Loading __work.memory2c
# Loading __work.fetch_decode_latch
# Loading __work.hdu
# Loading __work.control
# Loading __work.decode
# Loading __work.regFile_bypass
# Loading __work.regFile
# Loading __work.extension
# Loading __work.decode_execute_latch
# Loading __work.alu_control
# Loading __work.execute
# Loading __work.alu
# Loading __work.shifter
# Loading __work.left_shift_rot
# Loading __work.right_shift_rot_log
# Loading __work.overflow
# Loading __work.br_control
# Loading __work.execute_memory_latch
# Loading __work.memory
# Loading __work.memory_wb_latch
# Loading __work.wb
# Loading __work.dff
# log -howmany -rec /* 
# 6530
#  run -all
# Hello world...simulation starting
# See verilogsim.log and verilogsim.ptrace for output
# ** Note: $finish    : proc_hier_pbench.v(116)
#    Time: 2505 ns  Iteration: 0  Instance: /proc_hier_pbench
# End time: 12:32:35 on Nov 15,2024, Elapsed time: 0:00:01
# Errors: 0, Warnings: 0
Full name to pass to Assemble.java: /afs/cs.wisc.edu/u/s/w/swamit/public/html/courses/cs552/fall2024/handouts/testprograms/public/inst_tests/unaligned/bnez_1.asm
Created the following files
loadfile_0.img
loadfile_1.img
loadfile_2.img
loadfile_3.img
loadfile_all.img
loadfile.lst
Reading pref.tcl

# 10.7c

# vsim -c proc_hier_pbench -lib __work -voptargs="+acc" -wlf dump.wlf -do "log -howmany -rec /* ; run -all" 
# Start time: 12:32:40 on Nov 15,2024
# //  ModelSim DE 10.7c Aug 17 2018Linux 5.15.0-125-generic
# //
# //  Copyright 1991-2018 Mentor Graphics Corporation
# //  All Rights Reserved.
# //
# //  ModelSim DE and its associated documentation contain trade
# //  secrets and commercial or financial information that are the property of
# //  Mentor Graphics Corporation and are privileged, confidential,
# //  and exempt from disclosure under the Freedom of Information Act,
# //  5 U.S.C. Section 552. Furthermore, this information
# //  is prohibited from disclosure under the Trade Secrets Act,
# //  18 U.S.C. Section 1905.
# //
# Loading __work.proc_hier_pbench
# Loading __work.proc_hier
# Loading __work.clkrst
# Loading __work.proc
# Loading __work.fetch
# Loading __work.register
# Loading __work.cla_16b
# Loading __work.cla_4b
# Loading __work.fullAdder_1b
# Loading __work.xor2
# Loading __work.nand2
# Loading __work.not1
# Loading __work.nor2
# Loading __work.carry_4b
# Loading __work.carry_1b
# Loading __work.memory2c
# Loading __work.fetch_decode_latch
# Loading __work.hdu
# Loading __work.control
# Loading __work.decode
# Loading __work.regFile_bypass
# Loading __work.regFile
# Loading __work.extension
# Loading __work.decode_execute_latch
# Loading __work.alu_control
# Loading __work.execute
# Loading __work.alu
# Loading __work.shifter
# Loading __work.left_shift_rot
# Loading __work.right_shift_rot_log
# Loading __work.overflow
# Loading __work.br_control
# Loading __work.execute_memory_latch
# Loading __work.memory
# Loading __work.memory_wb_latch
# Loading __work.wb
# Loading __work.dff
# log -howmany -rec /* 
# 6530
#  run -all
# Hello world...simulation starting
# See verilogsim.log and verilogsim.ptrace for output
# ** Note: $finish    : proc_hier_pbench.v(116)
#    Time: 1605 ns  Iteration: 0  Instance: /proc_hier_pbench
# End time: 12:32:40 on Nov 15,2024, Elapsed time: 0:00:00
# Errors: 0, Warnings: 0
Full name to pass to Assemble.java: /afs/cs.wisc.edu/u/s/w/swamit/public/html/courses/cs552/fall2024/handouts/testprograms/public/inst_tests/unaligned/jal_14.asm
Created the following files
loadfile_0.img
loadfile_1.img
loadfile_2.img
loadfile_3.img
loadfile_all.img
loadfile.lst
Reading pref.tcl

# 10.7c

# vsim -c proc_hier_pbench -lib __work -voptargs="+acc" -wlf dump.wlf -do "log -howmany -rec /* ; run -all" 
# Start time: 12:32:43 on Nov 15,2024
# //  ModelSim DE 10.7c Aug 17 2018Linux 5.15.0-125-generic
# //
# //  Copyright 1991-2018 Mentor Graphics Corporation
# //  All Rights Reserved.
# //
# //  ModelSim DE and its associated documentation contain trade
# //  secrets and commercial or financial information that are the property of
# //  Mentor Graphics Corporation and are privileged, confidential,
# //  and exempt from disclosure under the Freedom of Information Act,
# //  5 U.S.C. Section 552. Furthermore, this information
# //  is prohibited from disclosure under the Trade Secrets Act,
# //  18 U.S.C. Section 1905.
# //
# Loading __work.proc_hier_pbench
# Loading __work.proc_hier
# Loading __work.clkrst
# Loading __work.proc
# Loading __work.fetch
# Loading __work.register
# Loading __work.cla_16b
# Loading __work.cla_4b
# Loading __work.fullAdder_1b
# Loading __work.xor2
# Loading __work.nand2
# Loading __work.not1
# Loading __work.nor2
# Loading __work.carry_4b
# Loading __work.carry_1b
# Loading __work.memory2c
# Loading __work.fetch_decode_latch
# Loading __work.hdu
# Loading __work.control
# Loading __work.decode
# Loading __work.regFile_bypass
# Loading __work.regFile
# Loading __work.extension
# Loading __work.decode_execute_latch
# Loading __work.alu_control
# Loading __work.execute
# Loading __work.alu
# Loading __work.shifter
# Loading __work.left_shift_rot
# Loading __work.right_shift_rot_log
# Loading __work.overflow
# Loading __work.br_control
# Loading __work.execute_memory_latch
# Loading __work.memory
# Loading __work.memory_wb_latch
# Loading __work.wb
# Loading __work.dff
# log -howmany -rec /* 
# 6530
#  run -all
# Hello world...simulation starting
# See verilogsim.log and verilogsim.ptrace for output
# ** Note: $finish    : proc_hier_pbench.v(116)
#    Time: 1205 ns  Iteration: 0  Instance: /proc_hier_pbench
# End time: 12:32:43 on Nov 15,2024, Elapsed time: 0:00:00
# Errors: 0, Warnings: 0
Full name to pass to Assemble.java: /afs/cs.wisc.edu/u/s/w/swamit/public/html/courses/cs552/fall2024/handouts/testprograms/public/inst_tests/unaligned/jal_18.asm
Created the following files
loadfile_0.img
loadfile_1.img
loadfile_2.img
loadfile_3.img
loadfile_all.img
loadfile.lst
Reading pref.tcl

# 10.7c

# vsim -c proc_hier_pbench -lib __work -voptargs="+acc" -wlf dump.wlf -do "log -howmany -rec /* ; run -all" 
# Start time: 12:32:46 on Nov 15,2024
# //  ModelSim DE 10.7c Aug 17 2018Linux 5.15.0-125-generic
# //
# //  Copyright 1991-2018 Mentor Graphics Corporation
# //  All Rights Reserved.
# //
# //  ModelSim DE and its associated documentation contain trade
# //  secrets and commercial or financial information that are the property of
# //  Mentor Graphics Corporation and are privileged, confidential,
# //  and exempt from disclosure under the Freedom of Information Act,
# //  5 U.S.C. Section 552. Furthermore, this information
# //  is prohibited from disclosure under the Trade Secrets Act,
# //  18 U.S.C. Section 1905.
# //
# Loading __work.proc_hier_pbench
# Loading __work.proc_hier
# Loading __work.clkrst
# Loading __work.proc
# Loading __work.fetch
# Loading __work.register
# Loading __work.cla_16b
# Loading __work.cla_4b
# Loading __work.fullAdder_1b
# Loading __work.xor2
# Loading __work.nand2
# Loading __work.not1
# Loading __work.nor2
# Loading __work.carry_4b
# Loading __work.carry_1b
# Loading __work.memory2c
# Loading __work.fetch_decode_latch
# Loading __work.hdu
# Loading __work.control
# Loading __work.decode
# Loading __work.regFile_bypass
# Loading __work.regFile
# Loading __work.extension
# Loading __work.decode_execute_latch
# Loading __work.alu_control
# Loading __work.execute
# Loading __work.alu
# Loading __work.shifter
# Loading __work.left_shift_rot
# Loading __work.right_shift_rot_log
# Loading __work.overflow
# Loading __work.br_control
# Loading __work.execute_memory_latch
# Loading __work.memory
# Loading __work.memory_wb_latch
# Loading __work.wb
# Loading __work.dff
# log -howmany -rec /* 
# 6530
#  run -all
# Hello world...simulation starting
# See verilogsim.log and verilogsim.ptrace for output
# ** Note: $finish    : proc_hier_pbench.v(116)
#    Time: 1205 ns  Iteration: 0  Instance: /proc_hier_pbench
# End time: 12:32:46 on Nov 15,2024, Elapsed time: 0:00:00
# Errors: 0, Warnings: 0
Full name to pass to Assemble.java: /afs/cs.wisc.edu/u/s/w/swamit/public/html/courses/cs552/fall2024/handouts/testprograms/public/inst_tests/unaligned/jal_21.asm
Created the following files
loadfile_0.img
loadfile_1.img
loadfile_2.img
loadfile_3.img
loadfile_all.img
loadfile.lst
Reading pref.tcl

# 10.7c

# vsim -c proc_hier_pbench -lib __work -voptargs="+acc" -wlf dump.wlf -do "log -howmany -rec /* ; run -all" 
# Start time: 12:32:50 on Nov 15,2024
# //  ModelSim DE 10.7c Aug 17 2018Linux 5.15.0-125-generic
# //
# //  Copyright 1991-2018 Mentor Graphics Corporation
# //  All Rights Reserved.
# //
# //  ModelSim DE and its associated documentation contain trade
# //  secrets and commercial or financial information that are the property of
# //  Mentor Graphics Corporation and are privileged, confidential,
# //  and exempt from disclosure under the Freedom of Information Act,
# //  5 U.S.C. Section 552. Furthermore, this information
# //  is prohibited from disclosure under the Trade Secrets Act,
# //  18 U.S.C. Section 1905.
# //
# Loading __work.proc_hier_pbench
# Loading __work.proc_hier
# Loading __work.clkrst
# Loading __work.proc
# Loading __work.fetch
# Loading __work.register
# Loading __work.cla_16b
# Loading __work.cla_4b
# Loading __work.fullAdder_1b
# Loading __work.xor2
# Loading __work.nand2
# Loading __work.not1
# Loading __work.nor2
# Loading __work.carry_4b
# Loading __work.carry_1b
# Loading __work.memory2c
# Loading __work.fetch_decode_latch
# Loading __work.hdu
# Loading __work.control
# Loading __work.decode
# Loading __work.regFile_bypass
# Loading __work.regFile
# Loading __work.extension
# Loading __work.decode_execute_latch
# Loading __work.alu_control
# Loading __work.execute
# Loading __work.alu
# Loading __work.shifter
# Loading __work.left_shift_rot
# Loading __work.right_shift_rot_log
# Loading __work.overflow
# Loading __work.br_control
# Loading __work.execute_memory_latch
# Loading __work.memory
# Loading __work.memory_wb_latch
# Loading __work.wb
# Loading __work.dff
# log -howmany -rec /* 
# 6530
#  run -all
# Hello world...simulation starting
# See verilogsim.log and verilogsim.ptrace for output
# ** Note: $finish    : proc_hier_pbench.v(116)
#    Time: 1205 ns  Iteration: 0  Instance: /proc_hier_pbench
# End time: 12:32:50 on Nov 15,2024, Elapsed time: 0:00:00
# Errors: 0, Warnings: 0
Full name to pass to Assemble.java: /afs/cs.wisc.edu/u/s/w/swamit/public/html/courses/cs552/fall2024/handouts/testprograms/public/inst_tests/unaligned/jal_34.asm
Created the following files
loadfile_0.img
loadfile_1.img
loadfile_2.img
loadfile_3.img
loadfile_all.img
loadfile.lst
Reading pref.tcl

# 10.7c

# vsim -c proc_hier_pbench -lib __work -voptargs="+acc" -wlf dump.wlf -do "log -howmany -rec /* ; run -all" 
# Start time: 12:32:54 on Nov 15,2024
# //  ModelSim DE 10.7c Aug 17 2018Linux 5.15.0-125-generic
# //
# //  Copyright 1991-2018 Mentor Graphics Corporation
# //  All Rights Reserved.
# //
# //  ModelSim DE and its associated documentation contain trade
# //  secrets and commercial or financial information that are the property of
# //  Mentor Graphics Corporation and are privileged, confidential,
# //  and exempt from disclosure under the Freedom of Information Act,
# //  5 U.S.C. Section 552. Furthermore, this information
# //  is prohibited from disclosure under the Trade Secrets Act,
# //  18 U.S.C. Section 1905.
# //
# Loading __work.proc_hier_pbench
# Loading __work.proc_hier
# Loading __work.clkrst
# Loading __work.proc
# Loading __work.fetch
# Loading __work.register
# Loading __work.cla_16b
# Loading __work.cla_4b
# Loading __work.fullAdder_1b
# Loading __work.xor2
# Loading __work.nand2
# Loading __work.not1
# Loading __work.nor2
# Loading __work.carry_4b
# Loading __work.carry_1b
# Loading __work.memory2c
# Loading __work.fetch_decode_latch
# Loading __work.hdu
# Loading __work.control
# Loading __work.decode
# Loading __work.regFile_bypass
# Loading __work.regFile
# Loading __work.extension
# Loading __work.decode_execute_latch
# Loading __work.alu_control
# Loading __work.execute
# Loading __work.alu
# Loading __work.shifter
# Loading __work.left_shift_rot
# Loading __work.right_shift_rot_log
# Loading __work.overflow
# Loading __work.br_control
# Loading __work.execute_memory_latch
# Loading __work.memory
# Loading __work.memory_wb_latch
# Loading __work.wb
# Loading __work.dff
# log -howmany -rec /* 
# 6530
#  run -all
# Hello world...simulation starting
# See verilogsim.log and verilogsim.ptrace for output
# ** Note: $finish    : proc_hier_pbench.v(116)
#    Time: 1205 ns  Iteration: 0  Instance: /proc_hier_pbench
# End time: 12:32:55 on Nov 15,2024, Elapsed time: 0:00:01
# Errors: 0, Warnings: 0
Full name to pass to Assemble.java: /afs/cs.wisc.edu/u/s/w/swamit/public/html/courses/cs552/fall2024/handouts/testprograms/public/inst_tests/unaligned/jal_7.asm
Created the following files
loadfile_0.img
loadfile_1.img
loadfile_2.img
loadfile_3.img
loadfile_all.img
loadfile.lst
Reading pref.tcl

# 10.7c

# vsim -c proc_hier_pbench -lib __work -voptargs="+acc" -wlf dump.wlf -do "log -howmany -rec /* ; run -all" 
# Start time: 12:32:58 on Nov 15,2024
# //  ModelSim DE 10.7c Aug 17 2018Linux 5.15.0-125-generic
# //
# //  Copyright 1991-2018 Mentor Graphics Corporation
# //  All Rights Reserved.
# //
# //  ModelSim DE and its associated documentation contain trade
# //  secrets and commercial or financial information that are the property of
# //  Mentor Graphics Corporation and are privileged, confidential,
# //  and exempt from disclosure under the Freedom of Information Act,
# //  5 U.S.C. Section 552. Furthermore, this information
# //  is prohibited from disclosure under the Trade Secrets Act,
# //  18 U.S.C. Section 1905.
# //
# Loading __work.proc_hier_pbench
# Loading __work.proc_hier
# Loading __work.clkrst
# Loading __work.proc
# Loading __work.fetch
# Loading __work.register
# Loading __work.cla_16b
# Loading __work.cla_4b
# Loading __work.fullAdder_1b
# Loading __work.xor2
# Loading __work.nand2
# Loading __work.not1
# Loading __work.nor2
# Loading __work.carry_4b
# Loading __work.carry_1b
# Loading __work.memory2c
# Loading __work.fetch_decode_latch
# Loading __work.hdu
# Loading __work.control
# Loading __work.decode
# Loading __work.regFile_bypass
# Loading __work.regFile
# Loading __work.extension
# Loading __work.decode_execute_latch
# Loading __work.alu_control
# Loading __work.execute
# Loading __work.alu
# Loading __work.shifter
# Loading __work.left_shift_rot
# Loading __work.right_shift_rot_log
# Loading __work.overflow
# Loading __work.br_control
# Loading __work.execute_memory_latch
# Loading __work.memory
# Loading __work.memory_wb_latch
# Loading __work.wb
# Loading __work.dff
# log -howmany -rec /* 
# 6530
#  run -all
# Hello world...simulation starting
# See verilogsim.log and verilogsim.ptrace for output
# ** Note: $finish    : proc_hier_pbench.v(116)
#    Time: 1205 ns  Iteration: 0  Instance: /proc_hier_pbench
# End time: 12:32:58 on Nov 15,2024, Elapsed time: 0:00:00
# Errors: 0, Warnings: 0
Full name to pass to Assemble.java: /afs/cs.wisc.edu/u/s/w/swamit/public/html/courses/cs552/fall2024/handouts/testprograms/public/inst_tests/unaligned/jal_9.asm
Created the following files
loadfile_0.img
loadfile_1.img
loadfile_2.img
loadfile_3.img
loadfile_all.img
loadfile.lst
Reading pref.tcl

# 10.7c

# vsim -c proc_hier_pbench -lib __work -voptargs="+acc" -wlf dump.wlf -do "log -howmany -rec /* ; run -all" 
# Start time: 12:33:01 on Nov 15,2024
# //  ModelSim DE 10.7c Aug 17 2018Linux 5.15.0-125-generic
# //
# //  Copyright 1991-2018 Mentor Graphics Corporation
# //  All Rights Reserved.
# //
# //  ModelSim DE and its associated documentation contain trade
# //  secrets and commercial or financial information that are the property of
# //  Mentor Graphics Corporation and are privileged, confidential,
# //  and exempt from disclosure under the Freedom of Information Act,
# //  5 U.S.C. Section 552. Furthermore, this information
# //  is prohibited from disclosure under the Trade Secrets Act,
# //  18 U.S.C. Section 1905.
# //
# Loading __work.proc_hier_pbench
# Loading __work.proc_hier
# Loading __work.clkrst
# Loading __work.proc
# Loading __work.fetch
# Loading __work.register
# Loading __work.cla_16b
# Loading __work.cla_4b
# Loading __work.fullAdder_1b
# Loading __work.xor2
# Loading __work.nand2
# Loading __work.not1
# Loading __work.nor2
# Loading __work.carry_4b
# Loading __work.carry_1b
# Loading __work.memory2c
# Loading __work.fetch_decode_latch
# Loading __work.hdu
# Loading __work.control
# Loading __work.decode
# Loading __work.regFile_bypass
# Loading __work.regFile
# Loading __work.extension
# Loading __work.decode_execute_latch
# Loading __work.alu_control
# Loading __work.execute
# Loading __work.alu
# Loading __work.shifter
# Loading __work.left_shift_rot
# Loading __work.right_shift_rot_log
# Loading __work.overflow
# Loading __work.br_control
# Loading __work.execute_memory_latch
# Loading __work.memory
# Loading __work.memory_wb_latch
# Loading __work.wb
# Loading __work.dff
# log -howmany -rec /* 
# 6530
#  run -all
# Hello world...simulation starting
# See verilogsim.log and verilogsim.ptrace for output
# ** Note: $finish    : proc_hier_pbench.v(116)
#    Time: 1205 ns  Iteration: 0  Instance: /proc_hier_pbench
# End time: 12:33:02 on Nov 15,2024, Elapsed time: 0:00:01
# Errors: 0, Warnings: 0
Full name to pass to Assemble.java: /afs/cs.wisc.edu/u/s/w/swamit/public/html/courses/cs552/fall2024/handouts/testprograms/public/inst_tests/unaligned/jalr_10.asm
Created the following files
loadfile_0.img
loadfile_1.img
loadfile_2.img
loadfile_3.img
loadfile_all.img
loadfile.lst
Reading pref.tcl

# 10.7c

# vsim -c proc_hier_pbench -lib __work -voptargs="+acc" -wlf dump.wlf -do "log -howmany -rec /* ; run -all" 
# Start time: 12:33:05 on Nov 15,2024
# //  ModelSim DE 10.7c Aug 17 2018Linux 5.15.0-125-generic
# //
# //  Copyright 1991-2018 Mentor Graphics Corporation
# //  All Rights Reserved.
# //
# //  ModelSim DE and its associated documentation contain trade
# //  secrets and commercial or financial information that are the property of
# //  Mentor Graphics Corporation and are privileged, confidential,
# //  and exempt from disclosure under the Freedom of Information Act,
# //  5 U.S.C. Section 552. Furthermore, this information
# //  is prohibited from disclosure under the Trade Secrets Act,
# //  18 U.S.C. Section 1905.
# //
# Loading __work.proc_hier_pbench
# Loading __work.proc_hier
# Loading __work.clkrst
# Loading __work.proc
# Loading __work.fetch
# Loading __work.register
# Loading __work.cla_16b
# Loading __work.cla_4b
# Loading __work.fullAdder_1b
# Loading __work.xor2
# Loading __work.nand2
# Loading __work.not1
# Loading __work.nor2
# Loading __work.carry_4b
# Loading __work.carry_1b
# Loading __work.memory2c
# Loading __work.fetch_decode_latch
# Loading __work.hdu
# Loading __work.control
# Loading __work.decode
# Loading __work.regFile_bypass
# Loading __work.regFile
# Loading __work.extension
# Loading __work.decode_execute_latch
# Loading __work.alu_control
# Loading __work.execute
# Loading __work.alu
# Loading __work.shifter
# Loading __work.left_shift_rot
# Loading __work.right_shift_rot_log
# Loading __work.overflow
# Loading __work.br_control
# Loading __work.execute_memory_latch
# Loading __work.memory
# Loading __work.memory_wb_latch
# Loading __work.wb
# Loading __work.dff
# log -howmany -rec /* 
# 6530
#  run -all
# Hello world...simulation starting
# See verilogsim.log and verilogsim.ptrace for output
# ** Note: $finish    : proc_hier_pbench.v(116)
#    Time: 1605 ns  Iteration: 0  Instance: /proc_hier_pbench
# End time: 12:33:05 on Nov 15,2024, Elapsed time: 0:00:00
# Errors: 0, Warnings: 0
Full name to pass to Assemble.java: /afs/cs.wisc.edu/u/s/w/swamit/public/html/courses/cs552/fall2024/handouts/testprograms/public/inst_tests/unaligned/jalr_25.asm
Created the following files
loadfile_0.img
loadfile_1.img
loadfile_2.img
loadfile_3.img
loadfile_all.img
loadfile.lst
Reading pref.tcl

# 10.7c

# vsim -c proc_hier_pbench -lib __work -voptargs="+acc" -wlf dump.wlf -do "log -howmany -rec /* ; run -all" 
# Start time: 12:33:08 on Nov 15,2024
# //  ModelSim DE 10.7c Aug 17 2018Linux 5.15.0-125-generic
# //
# //  Copyright 1991-2018 Mentor Graphics Corporation
# //  All Rights Reserved.
# //
# //  ModelSim DE and its associated documentation contain trade
# //  secrets and commercial or financial information that are the property of
# //  Mentor Graphics Corporation and are privileged, confidential,
# //  and exempt from disclosure under the Freedom of Information Act,
# //  5 U.S.C. Section 552. Furthermore, this information
# //  is prohibited from disclosure under the Trade Secrets Act,
# //  18 U.S.C. Section 1905.
# //
# Loading __work.proc_hier_pbench
# Loading __work.proc_hier
# Loading __work.clkrst
# Loading __work.proc
# Loading __work.fetch
# Loading __work.register
# Loading __work.cla_16b
# Loading __work.cla_4b
# Loading __work.fullAdder_1b
# Loading __work.xor2
# Loading __work.nand2
# Loading __work.not1
# Loading __work.nor2
# Loading __work.carry_4b
# Loading __work.carry_1b
# Loading __work.memory2c
# Loading __work.fetch_decode_latch
# Loading __work.hdu
# Loading __work.control
# Loading __work.decode
# Loading __work.regFile_bypass
# Loading __work.regFile
# Loading __work.extension
# Loading __work.decode_execute_latch
# Loading __work.alu_control
# Loading __work.execute
# Loading __work.alu
# Loading __work.shifter
# Loading __work.left_shift_rot
# Loading __work.right_shift_rot_log
# Loading __work.overflow
# Loading __work.br_control
# Loading __work.execute_memory_latch
# Loading __work.memory
# Loading __work.memory_wb_latch
# Loading __work.wb
# Loading __work.dff
# log -howmany -rec /* 
# 6530
#  run -all
# Hello world...simulation starting
# See verilogsim.log and verilogsim.ptrace for output
# ** Note: $finish    : proc_hier_pbench.v(116)
#    Time: 1605 ns  Iteration: 0  Instance: /proc_hier_pbench
# End time: 12:33:08 on Nov 15,2024, Elapsed time: 0:00:00
# Errors: 0, Warnings: 0
Full name to pass to Assemble.java: /afs/cs.wisc.edu/u/s/w/swamit/public/html/courses/cs552/fall2024/handouts/testprograms/public/inst_tests/unaligned/jalr_26.asm
Created the following files
loadfile_0.img
loadfile_1.img
loadfile_2.img
loadfile_3.img
loadfile_all.img
loadfile.lst
Reading pref.tcl

# 10.7c

# vsim -c proc_hier_pbench -lib __work -voptargs="+acc" -wlf dump.wlf -do "log -howmany -rec /* ; run -all" 
# Start time: 12:33:11 on Nov 15,2024
# //  ModelSim DE 10.7c Aug 17 2018Linux 5.15.0-125-generic
# //
# //  Copyright 1991-2018 Mentor Graphics Corporation
# //  All Rights Reserved.
# //
# //  ModelSim DE and its associated documentation contain trade
# //  secrets and commercial or financial information that are the property of
# //  Mentor Graphics Corporation and are privileged, confidential,
# //  and exempt from disclosure under the Freedom of Information Act,
# //  5 U.S.C. Section 552. Furthermore, this information
# //  is prohibited from disclosure under the Trade Secrets Act,
# //  18 U.S.C. Section 1905.
# //
# Loading __work.proc_hier_pbench
# Loading __work.proc_hier
# Loading __work.clkrst
# Loading __work.proc
# Loading __work.fetch
# Loading __work.register
# Loading __work.cla_16b
# Loading __work.cla_4b
# Loading __work.fullAdder_1b
# Loading __work.xor2
# Loading __work.nand2
# Loading __work.not1
# Loading __work.nor2
# Loading __work.carry_4b
# Loading __work.carry_1b
# Loading __work.memory2c
# Loading __work.fetch_decode_latch
# Loading __work.hdu
# Loading __work.control
# Loading __work.decode
# Loading __work.regFile_bypass
# Loading __work.regFile
# Loading __work.extension
# Loading __work.decode_execute_latch
# Loading __work.alu_control
# Loading __work.execute
# Loading __work.alu
# Loading __work.shifter
# Loading __work.left_shift_rot
# Loading __work.right_shift_rot_log
# Loading __work.overflow
# Loading __work.br_control
# Loading __work.execute_memory_latch
# Loading __work.memory
# Loading __work.memory_wb_latch
# Loading __work.wb
# Loading __work.dff
# log -howmany -rec /* 
# 6530
#  run -all
# Hello world...simulation starting
# See verilogsim.log and verilogsim.ptrace for output
# ** Note: $finish    : proc_hier_pbench.v(116)
#    Time: 1605 ns  Iteration: 0  Instance: /proc_hier_pbench
# End time: 12:33:12 on Nov 15,2024, Elapsed time: 0:00:01
# Errors: 0, Warnings: 0
Full name to pass to Assemble.java: /afs/cs.wisc.edu/u/s/w/swamit/public/html/courses/cs552/fall2024/handouts/testprograms/public/inst_tests/unaligned/jalr_35.asm
Created the following files
loadfile_0.img
loadfile_1.img
loadfile_2.img
loadfile_3.img
loadfile_all.img
loadfile.lst
Full name to pass to Assemble.java: /afs/cs.wisc.edu/u/s/w/swamit/public/html/courses/cs552/fall2024/handouts/testprograms/public/inst_tests/unaligned/jalr_9.asm
Created the following files
loadfile_0.img
loadfile_1.img
loadfile_2.img
loadfile_3.img
loadfile_all.img
loadfile.lst
Reading pref.tcl

# 10.7c

# vsim -c proc_hier_pbench -lib __work -voptargs="+acc" -wlf dump.wlf -do "log -howmany -rec /* ; run -all" 
# Start time: 12:33:17 on Nov 15,2024
# //  ModelSim DE 10.7c Aug 17 2018Linux 5.15.0-125-generic
# //
# //  Copyright 1991-2018 Mentor Graphics Corporation
# //  All Rights Reserved.
# //
# //  ModelSim DE and its associated documentation contain trade
# //  secrets and commercial or financial information that are the property of
# //  Mentor Graphics Corporation and are privileged, confidential,
# //  and exempt from disclosure under the Freedom of Information Act,
# //  5 U.S.C. Section 552. Furthermore, this information
# //  is prohibited from disclosure under the Trade Secrets Act,
# //  18 U.S.C. Section 1905.
# //
# Loading __work.proc_hier_pbench
# Loading __work.proc_hier
# Loading __work.clkrst
# Loading __work.proc
# Loading __work.fetch
# Loading __work.register
# Loading __work.cla_16b
# Loading __work.cla_4b
# Loading __work.fullAdder_1b
# Loading __work.xor2
# Loading __work.nand2
# Loading __work.not1
# Loading __work.nor2
# Loading __work.carry_4b
# Loading __work.carry_1b
# Loading __work.memory2c
# Loading __work.fetch_decode_latch
# Loading __work.hdu
# Loading __work.control
# Loading __work.decode
# Loading __work.regFile_bypass
# Loading __work.regFile
# Loading __work.extension
# Loading __work.decode_execute_latch
# Loading __work.alu_control
# Loading __work.execute
# Loading __work.alu
# Loading __work.shifter
# Loading __work.left_shift_rot
# Loading __work.right_shift_rot_log
# Loading __work.overflow
# Loading __work.br_control
# Loading __work.execute_memory_latch
# Loading __work.memory
# Loading __work.memory_wb_latch
# Loading __work.wb
# Loading __work.dff
# log -howmany -rec /* 
# 6530
#  run -all
# Hello world...simulation starting
# See verilogsim.log and verilogsim.ptrace for output
# ** Note: $finish    : proc_hier_pbench.v(116)
#    Time: 1605 ns  Iteration: 0  Instance: /proc_hier_pbench
# End time: 12:33:17 on Nov 15,2024, Elapsed time: 0:00:00
# Errors: 0, Warnings: 0
Full name to pass to Assemble.java: /afs/cs.wisc.edu/u/s/w/swamit/public/html/courses/cs552/fall2024/handouts/testprograms/public/inst_tests/bgez_9.asm
Created the following files
loadfile_0.img
loadfile_1.img
loadfile_2.img
loadfile_3.img
loadfile_all.img
loadfile.lst
Reading pref.tcl

# 10.7c

# vsim -c proc_hier_pbench -lib __work -voptargs="+acc" -wlf dump.wlf -do "log -howmany -rec /* ; run -all" 
# Start time: 12:33:22 on Nov 15,2024
# //  ModelSim DE 10.7c Aug 17 2018Linux 5.15.0-125-generic
# //
# //  Copyright 1991-2018 Mentor Graphics Corporation
# //  All Rights Reserved.
# //
# //  ModelSim DE and its associated documentation contain trade
# //  secrets and commercial or financial information that are the property of
# //  Mentor Graphics Corporation and are privileged, confidential,
# //  and exempt from disclosure under the Freedom of Information Act,
# //  5 U.S.C. Section 552. Furthermore, this information
# //  is prohibited from disclosure under the Trade Secrets Act,
# //  18 U.S.C. Section 1905.
# //
# Loading __work.proc_hier_pbench
# Loading __work.proc_hier
# Loading __work.clkrst
# Loading __work.proc
# Loading __work.fetch
# Loading __work.register
# Loading __work.cla_16b
# Loading __work.cla_4b
# Loading __work.fullAdder_1b
# Loading __work.xor2
# Loading __work.nand2
# Loading __work.not1
# Loading __work.nor2
# Loading __work.carry_4b
# Loading __work.carry_1b
# Loading __work.memory2c
# Loading __work.fetch_decode_latch
# Loading __work.hdu
# Loading __work.control
# Loading __work.decode
# Loading __work.regFile_bypass
# Loading __work.regFile
# Loading __work.extension
# Loading __work.decode_execute_latch
# Loading __work.alu_control
# Loading __work.execute
# Loading __work.alu
# Loading __work.shifter
# Loading __work.left_shift_rot
# Loading __work.right_shift_rot_log
# Loading __work.overflow
# Loading __work.br_control
# Loading __work.execute_memory_latch
# Loading __work.memory
# Loading __work.memory_wb_latch
# Loading __work.wb
# Loading __work.dff
# log -howmany -rec /* 
# 6530
#  run -all
# Hello world...simulation starting
# See verilogsim.log and verilogsim.ptrace for output
# ** Note: $finish    : proc_hier_pbench.v(116)
#    Time: 4905 ns  Iteration: 0  Instance: /proc_hier_pbench
# End time: 12:33:22 on Nov 15,2024, Elapsed time: 0:00:00
# Errors: 0, Warnings: 0
# Break key hit
Full name to pass to Assemble.java: /afs/cs.wisc.edu/u/s/w/swamit/public/html/courses/cs552/fall2024/handouts/testprograms/public/inst_tests/seq_0.asm
Reading pref.tcl

# 10.7c

# vsim -c proc_hier_pbench -lib __work -voptargs="+acc" -wlf dump.wlf -do "log -howmany -rec /* ; run -all" 
# Start time: 12:33:25 on Nov 15,2024
# //  ModelSim DE 10.7c Aug 17 2018Linux 5.15.0-125-generic
# //
# //  Copyright 1991-2018 Mentor Graphics Corporation
# //  All Rights Reserved.
# //
# //  ModelSim DE and its associated documentation contain trade
# //  secrets and commercial or financial information that are the property of
# //  Mentor Graphics Corporation and are privileged, confidential,
# //  and exempt from disclosure under the Freedom of Information Act,
# //  5 U.S.C. Section 552. Furthermore, this information
# //  is prohibited from disclosure under the Trade Secrets Act,
# //  18 U.S.C. Section 1905.
# //
# Loading __work.proc_hier_pbench
# Loading __work.proc_hier
# Loading __work.clkrst
# Loading __work.proc
# Loading __work.fetch
# Loading __work.register
# Loading __work.cla_16b
# Loading __work.cla_4b
# Loading __work.fullAdder_1b
# Loading __work.xor2
# Loading __work.nand2
# Loading __work.not1
# Loading __work.nor2
# Loading __work.carry_4b
# Loading __work.carry_1b
# Loading __work.memory2c
# Loading __work.fetch_decode_latch
# Loading __work.hdu
# Loading __work.control
# Loading __work.decode
# Loading __work.regFile_bypass
# Loading __work.regFile
# Loading __work.extension
# Loading __work.decode_execute_latch
# Loading __work.alu_control
# Loading __work.execute
# Loading __work.alu
# Loading __work.shifter
# Loading __work.left_shift_rot
# Loading __work.right_shift_rot_log
# Loading __work.overflow
# Loading __work.br_control
# Loading __work.execute_memory_latch
# Loading __work.memory
# Loading __work.memory_wb_latch
# Loading __work.wb
# Loading __work.dff
# log -howmany -rec /* 
# 6530
#  run -all
# Hello world...simulation starting
# See verilogsim.log and verilogsim.ptrace for output
# ** Note: $finish    : proc_hier_pbench.v(116)
#    Time: 4905 ns  Iteration: 0  Instance: /proc_hier_pbench
# End time: 12:33:26 on Nov 15,2024, Elapsed time: 0:00:01
# Errors: 0, Warnings: 0
Full name to pass to Assemble.java: /afs/cs.wisc.edu/u/s/w/swamit/public/html/courses/cs552/fall2024/handouts/testprograms/public/inst_tests/bgez_0.asm
