
WISCalculator v1.0
Author Derek Hower (drh5@cs.wisc.edu)
Type "help" for more information

Loading program...
Executing...
lbi r1, 1
INUM:        0 PC: 0x0000 REG: 1 VALUE: 0x0001
bnez r1, 52
INUM:        1 PC: 0x0002
lbi r2, 1
INUM:        2 PC: 0x0038 REG: 2 VALUE: 0x0001
bnez r2, -52
INUM:        3 PC: 0x003a
lbi r3, 1
INUM:        4 PC: 0x0008 REG: 3 VALUE: 0x0001
bnez r3, 4
INUM:        5 PC: 0x000a
lbi r4, 1
INUM:        6 PC: 0x0010 REG: 4 VALUE: 0x0001
bnez r4, 4
INUM:        7 PC: 0x0012
lbi r5, 1
INUM:        8 PC: 0x0018 REG: 5 VALUE: 0x0001
bnez r5, 4
INUM:        9 PC: 0x001a
lbi r6, 0
INUM:       10 PC: 0x0020 REG: 6 VALUE: 0x0000
bnez r6, 4
INUM:       11 PC: 0x0022
j 2
INUM:       12 PC: 0x0024
lbi r7, 1
INUM:       13 PC: 0x0028 REG: 7 VALUE: 0x0001
bnez r7, 4
INUM:       14 PC: 0x002a
lbi r7, 0
INUM:       15 PC: 0x0030 REG: 7 VALUE: 0x0000
bnez r7, 4
INUM:       16 PC: 0x0032
lbi r7, 1
INUM:       17 PC: 0x0034 REG: 7 VALUE: 0x0001
j 4
INUM:       18 PC: 0x0036
halt
program halted
INUM:       19 PC: 0x003c
Program Finished
