
WISCalculator v1.0
Author Derek Hower (drh5@cs.wisc.edu)
Type "help" for more information

Loading program...
Executing...
lbi r0, 89
INUM:        0 PC: 0x0000 REG: 0 VALUE: 0x0059
slbi r0, 59
INUM:        1 PC: 0x0002 REG: 0 VALUE: 0x593b
lbi r1, 64
INUM:        2 PC: 0x0004 REG: 1 VALUE: 0x0040
slbi r1, 30
INUM:        3 PC: 0x0006 REG: 1 VALUE: 0x401e
lbi r2, 89
INUM:        4 PC: 0x0008 REG: 2 VALUE: 0x0059
slbi r2, 10
INUM:        5 PC: 0x000a REG: 2 VALUE: 0x590a
lbi r3, 64
INUM:        6 PC: 0x000c REG: 3 VALUE: 0x0040
slbi r3, -57
INUM:        7 PC: 0x000e REG: 3 VALUE: 0x40c7
lbi r4, -110
INUM:        8 PC: 0x0010 REG: 4 VALUE: 0xff92
slbi r4, 50
INUM:        9 PC: 0x0012 REG: 4 VALUE: 0x9232
lbi r5, -56
INUM:       10 PC: 0x0014 REG: 5 VALUE: 0xffc8
slbi r5, 41
INUM:       11 PC: 0x0016 REG: 5 VALUE: 0xc829
lbi r6, -65
INUM:       12 PC: 0x0018 REG: 6 VALUE: 0xffbf
slbi r6, -66
INUM:       13 PC: 0x001a REG: 6 VALUE: 0xbfbe
lbi r7, -128
INUM:       14 PC: 0x001c REG: 7 VALUE: 0xff80
slbi r7, 112
INUM:       15 PC: 0x001e REG: 7 VALUE: 0x8070
slt r6, r6, r2
INUM:       16 PC: 0x0020 REG: 6 VALUE: 0x0001
slt r1, r3, r1
INUM:       17 PC: 0x0022 REG: 1 VALUE: 0x0000
slt r5, r1, r5
INUM:       18 PC: 0x0024 REG: 5 VALUE: 0x0000
slt r6, r2, r0
INUM:       19 PC: 0x0026 REG: 6 VALUE: 0x0001
slt r1, r1, r2
INUM:       20 PC: 0x0028 REG: 1 VALUE: 0x0001
slt r0, r5, r6
INUM:       21 PC: 0x002a REG: 0 VALUE: 0x0001
slt r3, r0, r6
INUM:       22 PC: 0x002c REG: 3 VALUE: 0x0000
slt r6, r0, r0
INUM:       23 PC: 0x002e REG: 6 VALUE: 0x0000
slt r0, r6, r3
INUM:       24 PC: 0x0030 REG: 0 VALUE: 0x0000
slt r0, r7, r1
INUM:       25 PC: 0x0032 REG: 0 VALUE: 0x0001
slt r6, r0, r0
INUM:       26 PC: 0x0034 REG: 6 VALUE: 0x0000
slt r5, r5, r1
INUM:       27 PC: 0x0036 REG: 5 VALUE: 0x0001
slt r4, r1, r5
INUM:       28 PC: 0x0038 REG: 4 VALUE: 0x0000
slt r7, r4, r1
INUM:       29 PC: 0x003a REG: 7 VALUE: 0x0001
slt r1, r4, r6
INUM:       30 PC: 0x003c REG: 1 VALUE: 0x0000
slt r3, r5, r1
INUM:       31 PC: 0x003e REG: 3 VALUE: 0x0000
halt
program halted
INUM:       32 PC: 0x0040
Program Finished
