SIMLOG:: Cycle           4 PC: 00000000 I: 0000c059 R: 1   0 00000059 M: 0 0 00000059 00000000
SIMLOG:: Cycle           5 PC: 00000002 I: 0000903b R: 1   0 0000593b M: 0 0 0000593b 00000000
SIMLOG:: Cycle           6 PC: 00000004 I: 0000c140 R: 1   1 00000040 M: 0 0 00000040 00000000
SIMLOG:: Cycle           7 PC: 00000006 I: 0000911e R: 1   1 0000401e M: 0 0 0000401e 0000593b
SIMLOG:: Cycle           8 PC: 00000008 I: 0000c259 R: 1   2 00000059 M: 0 0 00000059 00000000
SIMLOG:: Cycle           9 PC: 0000000a I: 0000920a R: 1   2 0000590a M: 0 0 0000590a 0000593b
SIMLOG:: Cycle          10 PC: 0000000c I: 0000c340 R: 1   3 00000040 M: 0 0 00000040 0000590a
SIMLOG:: Cycle          11 PC: 0000000e I: 000093c7 R: 1   3 000040c7 M: 0 0 000040c7 00000000
SIMLOG:: Cycle          12 PC: 00000010 I: 0000c492 R: 1   4 0000ff92 M: 0 0 0000ff92 00000000
SIMLOG:: Cycle          13 PC: 00000012 I: 00009432 R: 1   4 00009232 M: 0 0 00009232 0000401e
SIMLOG:: Cycle          14 PC: 00000014 I: 0000c5c8 R: 1   5 0000ffc8 M: 0 0 0000ffc8 00000000
SIMLOG:: Cycle          15 PC: 00000016 I: 00009529 R: 1   5 0000c829 M: 0 0 0000c829 0000401e
SIMLOG:: Cycle          16 PC: 00000018 I: 0000c6bf R: 1   6 0000ffbf M: 0 0 0000ffbf 0000c829
SIMLOG:: Cycle          17 PC: 0000001a I: 000096be R: 1   6 0000bfbe M: 0 0 0000bfbe 0000c829
SIMLOG:: Cycle          18 PC: 0000001c I: 0000c780 R: 1   7 0000ff80 M: 0 0 0000ff80 00009232
SIMLOG:: Cycle          19 PC: 0000001e I: 00009770 R: 1   7 00008070 M: 0 0 00008070 000040c7
SIMLOG:: Cycle          20 PC: 00000020 I: 0000ee58 R: 1   6 00000001 M: 0 0 00000001 0000590a
SIMLOG:: Cycle          21 PC: 00000022 I: 0000eb24 R: 1   1 00000000 M: 0 0 00000000 0000401e
SIMLOG:: Cycle          22 PC: 00000024 I: 0000e9b4 R: 1   5 00000000 M: 0 0 00000000 0000c829
SIMLOG:: Cycle          23 PC: 00000026 I: 0000ea18 R: 1   6 00000001 M: 0 0 00000001 0000593b
SIMLOG:: Cycle          24 PC: 00000028 I: 0000e944 R: 1   1 00000001 M: 0 0 00000001 0000590a
SIMLOG:: Cycle          25 PC: 0000002a I: 0000edc0 R: 1   0 00000001 M: 0 0 00000001 00000001
SIMLOG:: Cycle          26 PC: 0000002c I: 0000e8cc R: 1   3 00000000 M: 0 0 00000000 00000001
SIMLOG:: Cycle          27 PC: 0000002e I: 0000e818 R: 1   6 00000000 M: 0 0 00000000 00000001
SIMLOG:: Cycle          28 PC: 00000030 I: 0000ee60 R: 1   0 00000000 M: 0 0 00000000 00000000
SIMLOG:: Cycle          29 PC: 00000032 I: 0000ef20 R: 1   0 00000001 M: 0 0 00000001 00000001
SIMLOG:: Cycle          30 PC: 00000034 I: 0000e818 R: 1   6 00000000 M: 0 0 00000000 00000001
SIMLOG:: Cycle          31 PC: 00000036 I: 0000ed34 R: 1   5 00000001 M: 0 0 00000001 00000001
SIMLOG:: Cycle          32 PC: 00000038 I: 0000e9b0 R: 1   4 00000000 M: 0 0 00000000 00000001
SIMLOG:: Cycle          33 PC: 0000003a I: 0000ec3c R: 1   7 00000001 M: 0 0 00000001 00000001
SIMLOG:: Cycle          34 PC: 0000003c I: 0000ecc4 R: 1   1 00000000 M: 0 0 00000000 00000000
SIMLOG:: Cycle          35 PC: 0000003e I: 0000ed2c R: 1   3 00000000 M: 0 0 00000000 00000000
SIMLOG:: Cycle          36 PC: 00000040 I: 00000000 R: 0   0 00000001 M: 0 0 00000001 00000001
SIMLOG:: Processor halted

SIMLOG:: sim_cycles          36

SIMLOG:: inst_count          33

