INUM:        0 PC: 0x0000 REG: 1 VALUE: 0x0000
INUM:        1 PC: 0x0002 REG: 1 VALUE: 0x000b
INUM:        2 PC: 0x0004 REG: 2 VALUE: 0x0000
INUM:        3 PC: 0x0006 REG: 1 VALUE: 0x000a
INUM:        4 PC: 0x0008
INUM:        5 PC: 0x0004 REG: 2 VALUE: 0x0000
INUM:        6 PC: 0x0006 REG: 1 VALUE: 0x0009
INUM:        7 PC: 0x0008
INUM:        8 PC: 0x0004 REG: 2 VALUE: 0x0000
INUM:        9 PC: 0x0006 REG: 1 VALUE: 0x0008
INUM:       10 PC: 0x0008
INUM:       11 PC: 0x0004 REG: 2 VALUE: 0x0000
INUM:       12 PC: 0x0006 REG: 1 VALUE: 0x0007
INUM:       13 PC: 0x0008
INUM:       14 PC: 0x0004 REG: 2 VALUE: 0x0000
INUM:       15 PC: 0x0006 REG: 1 VALUE: 0x0006
INUM:       16 PC: 0x0008
INUM:       17 PC: 0x0004 REG: 2 VALUE: 0x0000
INUM:       18 PC: 0x0006 REG: 1 VALUE: 0x0005
INUM:       19 PC: 0x0008
INUM:       20 PC: 0x0004 REG: 2 VALUE: 0x0000
INUM:       21 PC: 0x0006 REG: 1 VALUE: 0x0004
INUM:       22 PC: 0x0008
INUM:       23 PC: 0x0004 REG: 2 VALUE: 0x0000
INUM:       24 PC: 0x0006 REG: 1 VALUE: 0x0003
INUM:       25 PC: 0x0008
INUM:       26 PC: 0x0004 REG: 2 VALUE: 0x0000
INUM:       27 PC: 0x0006 REG: 1 VALUE: 0x0002
INUM:       28 PC: 0x0008
INUM:       29 PC: 0x0004 REG: 2 VALUE: 0x0000
INUM:       30 PC: 0x0006 REG: 1 VALUE: 0x0001
INUM:       31 PC: 0x0008
INUM:       32 PC: 0x0004 REG: 2 VALUE: 0x0000
INUM:       33 PC: 0x0006 REG: 1 VALUE: 0x0000
INUM:       34 PC: 0x0008
INUM:       35 PC: 0x0004 REG: 2 VALUE: 0x0000
INUM:       36 PC: 0x0006 REG: 1 VALUE: 0xffff
INUM:       37 PC: 0x0008
INUM:       38 PC: 0x000a REG: 2 VALUE: 0x0000
INUM:       39 PC: 0x000c REG: 1 VALUE: 0x0009
INUM:       40 PC: 0x000e
