
WISCalculator v1.0
Author Derek Hower (drh5@cs.wisc.edu)
Type "help" for more information

Loading program...
Executing...
lbi r0, 85
INUM:        0 PC: 0x0000 REG: 0 VALUE: 0x0055
slli r1, r0, 1
INUM:        1 PC: 0x0002 REG: 1 VALUE: 0x00aa
slli r2, r0, 2
INUM:        2 PC: 0x0004 REG: 2 VALUE: 0x0154
slli r3, r0, 3
INUM:        3 PC: 0x0006 REG: 3 VALUE: 0x02a8
slli r4, r0, 4
INUM:        4 PC: 0x0008 REG: 4 VALUE: 0x0550
slli r5, r0, 6
INUM:        5 PC: 0x000a REG: 5 VALUE: 0x1540
slli r6, r0, 9
INUM:        6 PC: 0x000c REG: 6 VALUE: 0xaa00
slli r7, r0, 12
INUM:        7 PC: 0x000e REG: 7 VALUE: 0x5000
halt
program halted
INUM:        8 PC: 0x0010
Program Finished
