0000 c101 lbi r1, 1
0002 6934 bnez r1, .L1
0004 c200 lbi r2, 0
0006 2034 j .L2
          
0008      .L3:
0008 c301 lbi r3, 1
000a 6b04 bnez r3, .L4
000c c300 lbi r3, 0
000e 202c j .L2
          
0010      .L4:
0010 c401 lbi r4, 1
0012 6c04 bnez r4, .L5
0014 c400 lbi r4, 0
0016 2024 j .L2
          
0018      .L5:
0018 c501 lbi r5, 1
001a 6d04 bnez r5, .L6
001c c500 lbi r5, 0
001e 201c j .L2
          
0020      .L6:
0020 c600 lbi r6, 0
0022 6e04 bnez r6, .L7
0024 2002 j .L7
0026 c601 lbi r6, 1
          
0028      .L7:
0028 c701 lbi r7, 1
002a 6f04 bnez r7, .L8
002c c700 lbi r7, 0
002e 200c j .L2
          
0030      .L8:
0030 c700 lbi r7, 0
0032 6f04 bnez r7, .L1
0034 c701 lbi r7, 1
0036 2004 j .L2
          
0038      .L1:
0038 c201 lbi r2,1
003a 6acc bnez r2, .L3
          
003c      .L2:
003c 0000 halt
          
