/u/s/i/sinclair/courses/cs552/spring2022/handouts/testprograms/public/rand_final/ldld_rand_large.asm SUCCESS CPI:8.2 CYCLES:8534 ICOUNT:1035 IHITRATE: 99.8 DHITRATE: 96.8
/u/s/i/sinclair/courses/cs552/spring2022/handouts/testprograms/public/rand_final/ldld_rand_small.asm SUCCESS CPI:8.2 CYCLES:8534 ICOUNT:1035 IHITRATE: 99.8 DHITRATE: 96.8
/u/s/i/sinclair/courses/cs552/spring2022/handouts/testprograms/public/rand_final/ldst_rand_large.asm SUCCESS CPI:7.2 CYCLES:10214 ICOUNT:1417 IHITRATE: 99.6 DHITRATE: 91.4
/u/s/i/sinclair/courses/cs552/spring2022/handouts/testprograms/public/rand_final/ldst_rand_small.asm SUCCESS CPI:7.0 CYCLES:9958 ICOUNT:1417 IHITRATE: 99.6 DHITRATE: 95.0
/u/s/i/sinclair/courses/cs552/spring2022/handouts/testprograms/public/rand_final/t_100_all.asm SUCCESS CPI:8.5 CYCLES:2834 ICOUNT:334 IHITRATE: 72.7 DHITRATE: 70.4
/u/s/i/sinclair/courses/cs552/spring2022/handouts/testprograms/public/rand_final/t_100_ctrl.asm SUCCESS CPI:8.4 CYCLES:5462 ICOUNT:647 IHITRATE: 71.8 DHITRATE: 78.0
/u/s/i/sinclair/courses/cs552/spring2022/handouts/testprograms/public/rand_final/t_100_icache.asm SUCCESS CPI:72.1 CYCLES:1442 ICOUNT:20 IHITRATE: 38.9 DHITRATE: 0
/u/s/i/sinclair/courses/cs552/spring2022/handouts/testprograms/public/rand_final/t_100_idcache.asm SUCCESS CPI:14.3 CYCLES:5742 ICOUNT:401 IHITRATE: 88.3 DHITRATE: 35.2
/u/s/i/sinclair/courses/cs552/spring2022/handouts/testprograms/public/rand_final/t_100_mem.asm SUCCESS CPI:12.1 CYCLES:17314 ICOUNT:1427 IHITRATE: 83.3 DHITRATE: 94.4
/u/s/i/sinclair/courses/cs552/spring2022/handouts/testprograms/public/rand_final/t_101_all.asm SUCCESS CPI:8.3 CYCLES:3706 ICOUNT:449 IHITRATE: 73.1 DHITRATE: 71.4
/u/s/i/sinclair/courses/cs552/spring2022/handouts/testprograms/public/rand_final/t_101_ctrl.asm SUCCESS CPI:8.1 CYCLES:6846 ICOUNT:850 IHITRATE: 73.4 DHITRATE: 81.7
/u/s/i/sinclair/courses/cs552/spring2022/handouts/testprograms/public/rand_final/t_101_icache.asm SUCCESS CPI:40.4 CYCLES:1698 ICOUNT:42 IHITRATE: 40.7 DHITRATE: 0
/u/s/i/sinclair/courses/cs552/spring2022/handouts/testprograms/public/rand_final/t_101_idcache.asm SUCCESS CPI:14.0 CYCLES:5774 ICOUNT:413 IHITRATE: 89.8 DHITRATE: 35.1
/u/s/i/sinclair/courses/cs552/spring2022/handouts/testprograms/public/rand_final/t_101_mem.asm SUCCESS CPI:12.2 CYCLES:17402 ICOUNT:1422 IHITRATE: 83.3 DHITRATE: 94.7
/u/s/i/sinclair/courses/cs552/spring2022/handouts/testprograms/public/rand_final/t_102_all.asm SUCCESS CPI:8.4 CYCLES:3070 ICOUNT:365 IHITRATE: 73.1 DHITRATE: 61.3
/u/s/i/sinclair/courses/cs552/spring2022/handouts/testprograms/public/rand_final/t_102_ctrl.asm SUCCESS CPI:8.1 CYCLES:6898 ICOUNT:856 IHITRATE: 73.4 DHITRATE: 74.0
/u/s/i/sinclair/courses/cs552/spring2022/handouts/testprograms/public/rand_final/t_102_icache.asm SUCCESS CPI:32.9 CYCLES:1974 ICOUNT:60 IHITRATE: 43.3 DHITRATE: 0
/u/s/i/sinclair/courses/cs552/spring2022/handouts/testprograms/public/rand_final/t_102_idcache.asm SUCCESS CPI:15.6 CYCLES:5214 ICOUNT:335 IHITRATE: 88.1 DHITRATE: 31.1
/u/s/i/sinclair/courses/cs552/spring2022/handouts/testprograms/public/rand_final/t_102_mem.asm SUCCESS CPI:11.5 CYCLES:17634 ICOUNT:1529 IHITRATE: 82.8 DHITRATE: 96.5
/u/s/i/sinclair/courses/cs552/spring2022/handouts/testprograms/public/rand_final/t_103_all.asm SUCCESS CPI:7.8 CYCLES:3514 ICOUNT:453 IHITRATE: 73.3 DHITRATE: 57.7
/u/s/i/sinclair/courses/cs552/spring2022/handouts/testprograms/public/rand_final/t_103_ctrl.asm SUCCESS CPI:8.2 CYCLES:6710 ICOUNT:815 IHITRATE: 73.4 DHITRATE: 76.5
/u/s/i/sinclair/courses/cs552/spring2022/handouts/testprograms/public/rand_final/t_103_icache.asm SUCCESS CPI:17.5 CYCLES:2170 ICOUNT:124 IHITRATE: 52.5 DHITRATE: 0
/u/s/i/sinclair/courses/cs552/spring2022/handouts/testprograms/public/rand_final/t_103_idcache.asm SUCCESS CPI:14.4 CYCLES:5378 ICOUNT:374 IHITRATE: 88.5 DHITRATE: 36.7
/u/s/i/sinclair/courses/cs552/spring2022/handouts/testprograms/public/rand_final/t_103_mem.asm SUCCESS CPI:11.8 CYCLES:17326 ICOUNT:1468 IHITRATE: 82.8 DHITRATE: 97.3
/u/s/i/sinclair/courses/cs552/spring2022/handouts/testprograms/public/rand_final/t_104_all.asm SUCCESS CPI:8.0 CYCLES:3646 ICOUNT:456 IHITRATE: 72.7 DHITRATE: 63.0
/u/s/i/sinclair/courses/cs552/spring2022/handouts/testprograms/public/rand_final/t_104_ctrl.asm SUCCESS CPI:8.2 CYCLES:6266 ICOUNT:766 IHITRATE: 72.8 DHITRATE: 72.1
/u/s/i/sinclair/courses/cs552/spring2022/handouts/testprograms/public/rand_final/t_104_icache.asm SUCCESS CPI:33.5 CYCLES:1574 ICOUNT:47 IHITRATE: 43.8 DHITRATE: 0
/u/s/i/sinclair/courses/cs552/spring2022/handouts/testprograms/public/rand_final/t_104_idcache.asm SUCCESS CPI:16.4 CYCLES:5098 ICOUNT:311 IHITRATE: 88.6 DHITRATE: 21.1
/u/s/i/sinclair/courses/cs552/spring2022/handouts/testprograms/public/rand_final/t_104_mem.asm SUCCESS CPI:11.5 CYCLES:17794 ICOUNT:1550 IHITRATE: 82.8 DHITRATE: 96.1
/u/s/i/sinclair/courses/cs552/spring2022/handouts/testprograms/public/rand_final/t_105_all.asm SUCCESS CPI:8.1 CYCLES:3686 ICOUNT:453 IHITRATE: 73.6 DHITRATE: 60.7
/u/s/i/sinclair/courses/cs552/spring2022/handouts/testprograms/public/rand_final/t_105_ctrl.asm SUCCESS CPI:8.2 CYCLES:6530 ICOUNT:798 IHITRATE: 72.7 DHITRATE: 72.4
/u/s/i/sinclair/courses/cs552/spring2022/handouts/testprograms/public/rand_final/t_105_icache.asm SUCCESS CPI:23.4 CYCLES:1758 ICOUNT:75 IHITRATE: 47.9 DHITRATE: 0
/u/s/i/sinclair/courses/cs552/spring2022/handouts/testprograms/public/rand_final/t_105_idcache.asm SUCCESS CPI:15.5 CYCLES:5202 ICOUNT:335 IHITRATE: 88.6 DHITRATE: 22.5
/u/s/i/sinclair/courses/cs552/spring2022/handouts/testprograms/public/rand_final/t_105_mem.asm SUCCESS CPI:12.0 CYCLES:17226 ICOUNT:1440 IHITRATE: 83.2 DHITRATE: 95.7
/u/s/i/sinclair/courses/cs552/spring2022/handouts/testprograms/public/rand_final/t_106_all.asm SUCCESS CPI:8.1 CYCLES:3806 ICOUNT:472 IHITRATE: 72.9 DHITRATE: 70.7
/u/s/i/sinclair/courses/cs552/spring2022/handouts/testprograms/public/rand_final/t_106_ctrl.asm SUCCESS CPI:8.0 CYCLES:6510 ICOUNT:812 IHITRATE: 73.8 DHITRATE: 73.2
/u/s/i/sinclair/courses/cs552/spring2022/handouts/testprograms/public/rand_final/t_106_icache.asm SUCCESS CPI:45.7 CYCLES:1738 ICOUNT:38 IHITRATE: 39.3 DHITRATE: 0
/u/s/i/sinclair/courses/cs552/spring2022/handouts/testprograms/public/rand_final/t_106_idcache.asm SUCCESS CPI:16.3 CYCLES:5326 ICOUNT:326 IHITRATE: 87.5 DHITRATE: 26.7
/u/s/i/sinclair/courses/cs552/spring2022/handouts/testprograms/public/rand_final/t_106_mem.asm SUCCESS CPI:12.1 CYCLES:17302 ICOUNT:1427 IHITRATE: 83.3 DHITRATE: 94.8
/u/s/i/sinclair/courses/cs552/spring2022/handouts/testprograms/public/rand_final/t_107_all.asm SUCCESS CPI:8.0 CYCLES:3418 ICOUNT:428 IHITRATE: 72.4 DHITRATE: 65.6
/u/s/i/sinclair/courses/cs552/spring2022/handouts/testprograms/public/rand_final/t_107_ctrl.asm SUCCESS CPI:8.1 CYCLES:6434 ICOUNT:792 IHITRATE: 73.1 DHITRATE: 76.9
/u/s/i/sinclair/courses/cs552/spring2022/handouts/testprograms/public/rand_final/t_107_icache.asm SUCCESS CPI:32.6 CYCLES:1698 ICOUNT:52 IHITRATE: 46.1 DHITRATE: 0
/u/s/i/sinclair/courses/cs552/spring2022/handouts/testprograms/public/rand_final/t_107_idcache.asm SUCCESS CPI:16.6 CYCLES:5402 ICOUNT:326 IHITRATE: 87.2 DHITRATE: 25.9
/u/s/i/sinclair/courses/cs552/spring2022/handouts/testprograms/public/rand_final/t_107_mem.asm SUCCESS CPI:12.1 CYCLES:17134 ICOUNT:1417 IHITRATE: 83.2 DHITRATE: 95.2
/u/s/i/sinclair/courses/cs552/spring2022/handouts/testprograms/public/rand_final/t_108_all.asm SUCCESS CPI:7.7 CYCLES:3582 ICOUNT:464 IHITRATE: 74.0 DHITRATE: 64.9
/u/s/i/sinclair/courses/cs552/spring2022/handouts/testprograms/public/rand_final/t_108_ctrl.asm SUCCESS CPI:7.9 CYCLES:6634 ICOUNT:836 IHITRATE: 72.8 DHITRATE: 78.9
/u/s/i/sinclair/courses/cs552/spring2022/handouts/testprograms/public/rand_final/t_108_icache.asm SUCCESS CPI:48.9 CYCLES:1370 ICOUNT:28 IHITRATE: 43.1 DHITRATE: 0
/u/s/i/sinclair/courses/cs552/spring2022/handouts/testprograms/public/rand_final/t_108_idcache.asm SUCCESS CPI:15.8 CYCLES:5382 ICOUNT:341 IHITRATE: 88.0 DHITRATE: 31.2
/u/s/i/sinclair/courses/cs552/spring2022/handouts/testprograms/public/rand_final/t_108_mem.asm SUCCESS CPI:11.4 CYCLES:17846 ICOUNT:1562 IHITRATE: 83.0 DHITRATE: 94.8
/u/s/i/sinclair/courses/cs552/spring2022/handouts/testprograms/public/rand_final/t_109_all.asm SUCCESS CPI:8.3 CYCLES:2810 ICOUNT:339 IHITRATE: 73.0 DHITRATE: 83.3
/u/s/i/sinclair/courses/cs552/spring2022/handouts/testprograms/public/rand_final/t_109_ctrl.asm SUCCESS CPI:8.0 CYCLES:6750 ICOUNT:840 IHITRATE: 72.7 DHITRATE: 86.4
/u/s/i/sinclair/courses/cs552/spring2022/handouts/testprograms/public/rand_final/t_109_icache.asm SUCCESS CPI:35.7 CYCLES:1750 ICOUNT:49 IHITRATE: 41.3 DHITRATE: 0
/u/s/i/sinclair/courses/cs552/spring2022/handouts/testprograms/public/rand_final/t_109_idcache.asm SUCCESS CPI:15.5 CYCLES:5382 ICOUNT:347 IHITRATE: 88.8 DHITRATE: 17.4
/u/s/i/sinclair/courses/cs552/spring2022/handouts/testprograms/public/rand_final/t_109_mem.asm SUCCESS CPI:12.3 CYCLES:17098 ICOUNT:1385 IHITRATE: 83.3 DHITRATE: 95.5
/u/s/i/sinclair/courses/cs552/spring2022/handouts/testprograms/public/rand_final/t_10_mem.asm SUCCESS CPI:11.4 CYCLES:17938 ICOUNT:1576 IHITRATE: 82.6 DHITRATE: 96.4
/u/s/i/sinclair/courses/cs552/spring2022/handouts/testprograms/public/rand_final/t_110_all.asm SUCCESS CPI:7.8 CYCLES:3562 ICOUNT:457 IHITRATE: 73.0 DHITRATE: 84.6
/u/s/i/sinclair/courses/cs552/spring2022/handouts/testprograms/public/rand_final/t_110_ctrl.asm SUCCESS CPI:7.8 CYCLES:7126 ICOUNT:915 IHITRATE: 73.7 DHITRATE: 80.0
/u/s/i/sinclair/courses/cs552/spring2022/handouts/testprograms/public/rand_final/t_110_icache.asm SUCCESS CPI:60.5 CYCLES:1694 ICOUNT:28 IHITRATE: 36.9 DHITRATE: 0
/u/s/i/sinclair/courses/cs552/spring2022/handouts/testprograms/public/rand_final/t_110_idcache.asm SUCCESS CPI:15.2 CYCLES:5878 ICOUNT:386 IHITRATE: 88.4 DHITRATE: 27.2
/u/s/i/sinclair/courses/cs552/spring2022/handouts/testprograms/public/rand_final/t_110_mem.asm SUCCESS CPI:11.6 CYCLES:17378 ICOUNT:1502 IHITRATE: 82.9 DHITRATE: 95.4
/u/s/i/sinclair/courses/cs552/spring2022/handouts/testprograms/public/rand_final/t_111_all.asm SUCCESS CPI:8.6 CYCLES:3390 ICOUNT:396 IHITRATE: 72.0 DHITRATE: 73.7
/u/s/i/sinclair/courses/cs552/spring2022/handouts/testprograms/public/rand_final/t_111_ctrl.asm SUCCESS CPI:8.0 CYCLES:7258 ICOUNT:912 IHITRATE: 73.1 DHITRATE: 74.1
/u/s/i/sinclair/courses/cs552/spring2022/handouts/testprograms/public/rand_final/t_111_icache.asm SUCCESS CPI:41.1 CYCLES:1646 ICOUNT:40 IHITRATE: 40.1 DHITRATE: 0
/u/s/i/sinclair/courses/cs552/spring2022/handouts/testprograms/public/rand_final/t_111_idcache.asm SUCCESS CPI:15.3 CYCLES:5998 ICOUNT:392 IHITRATE: 89.9 DHITRATE: 17.9
/u/s/i/sinclair/courses/cs552/spring2022/handouts/testprograms/public/rand_final/t_111_mem.asm SUCCESS CPI:12.2 CYCLES:17094 ICOUNT:1405 IHITRATE: 83.5 DHITRATE: 93.7
/u/s/i/sinclair/courses/cs552/spring2022/handouts/testprograms/public/rand_final/t_112_all.asm SUCCESS CPI:8.3 CYCLES:3126 ICOUNT:375 IHITRATE: 72.7 DHITRATE: 62.1
/u/s/i/sinclair/courses/cs552/spring2022/handouts/testprograms/public/rand_final/t_112_ctrl.asm SUCCESS CPI:8.1 CYCLES:6094 ICOUNT:751 IHITRATE: 72.7 DHITRATE: 69.8
/u/s/i/sinclair/courses/cs552/spring2022/handouts/testprograms/public/rand_final/t_112_icache.asm SUCCESS CPI:18.6 CYCLES:1842 ICOUNT:99 IHITRATE: 50.9 DHITRATE: 0
/u/s/i/sinclair/courses/cs552/spring2022/handouts/testprograms/public/rand_final/t_112_idcache.asm SUCCESS CPI:15.0 CYCLES:6122 ICOUNT:407 IHITRATE: 89.2 DHITRATE: 24.1
/u/s/i/sinclair/courses/cs552/spring2022/handouts/testprograms/public/rand_final/t_112_mem.asm SUCCESS CPI:12.4 CYCLES:16202 ICOUNT:1310 IHITRATE: 83.2 DHITRATE: 97.5
/u/s/i/sinclair/courses/cs552/spring2022/handouts/testprograms/public/rand_final/t_113_all.asm SUCCESS CPI:8.2 CYCLES:2858 ICOUNT:347 IHITRATE: 73.4 DHITRATE: 77.1
/u/s/i/sinclair/courses/cs552/spring2022/handouts/testprograms/public/rand_final/t_113_ctrl.asm SUCCESS CPI:8.4 CYCLES:6394 ICOUNT:762 IHITRATE: 73.5 DHITRATE: 73.0
/u/s/i/sinclair/courses/cs552/spring2022/handouts/testprograms/public/rand_final/t_113_icache.asm SUCCESS CPI:23.8 CYCLES:2214 ICOUNT:93 IHITRATE: 46.4 DHITRATE: 0
/u/s/i/sinclair/courses/cs552/spring2022/handouts/testprograms/public/rand_final/t_113_idcache.asm SUCCESS CPI:14.2 CYCLES:5726 ICOUNT:404 IHITRATE: 88.3 DHITRATE: 30.1
/u/s/i/sinclair/courses/cs552/spring2022/handouts/testprograms/public/rand_final/t_113_mem.asm SUCCESS CPI:11.7 CYCLES:17518 ICOUNT:1496 IHITRATE: 83.0 DHITRATE: 96.2
/u/s/i/sinclair/courses/cs552/spring2022/handouts/testprograms/public/rand_final/t_114_all.asm SUCCESS CPI:7.3 CYCLES:4414 ICOUNT:605 IHITRATE: 73.7 DHITRATE: 72.5
/u/s/i/sinclair/courses/cs552/spring2022/handouts/testprograms/public/rand_final/t_114_ctrl.asm SUCCESS CPI:7.9 CYCLES:6998 ICOUNT:887 IHITRATE: 73.4 DHITRATE: 88.5
/u/s/i/sinclair/courses/cs552/spring2022/handouts/testprograms/public/rand_final/t_114_icache.asm SUCCESS CPI:39.7 CYCLES:1590 ICOUNT:40 IHITRATE: 42.7 DHITRATE: 0
/u/s/i/sinclair/courses/cs552/spring2022/handouts/testprograms/public/rand_final/t_114_idcache.asm SUCCESS CPI:15.2 CYCLES:5414 ICOUNT:356 IHITRATE: 88.3 DHITRATE: 30.4
/u/s/i/sinclair/courses/cs552/spring2022/handouts/testprograms/public/rand_final/t_114_mem.asm SUCCESS CPI:11.8 CYCLES:17046 ICOUNT:1449 IHITRATE: 83.1 DHITRATE: 96.2
/u/s/i/sinclair/courses/cs552/spring2022/handouts/testprograms/public/rand_final/t_115_all.asm SUCCESS CPI:7.9 CYCLES:3606 ICOUNT:455 IHITRATE: 73.0 DHITRATE: 77.8
/u/s/i/sinclair/courses/cs552/spring2022/handouts/testprograms/public/rand_final/t_115_ctrl.asm SUCCESS CPI:8.1 CYCLES:7110 ICOUNT:881 IHITRATE: 73.9 DHITRATE: 74.7
/u/s/i/sinclair/courses/cs552/spring2022/handouts/testprograms/public/rand_final/t_115_icache.asm SUCCESS CPI:24.9 CYCLES:1522 ICOUNT:61 IHITRATE: 47.8 DHITRATE: 0
/u/s/i/sinclair/courses/cs552/spring2022/handouts/testprograms/public/rand_final/t_115_idcache.asm SUCCESS CPI:14.1 CYCLES:6030 ICOUNT:428 IHITRATE: 88.3 DHITRATE: 37.2
/u/s/i/sinclair/courses/cs552/spring2022/handouts/testprograms/public/rand_final/t_115_mem.asm SUCCESS CPI:12.0 CYCLES:16954 ICOUNT:1414 IHITRATE: 83.1 DHITRATE: 97.4
/u/s/i/sinclair/courses/cs552/spring2022/handouts/testprograms/public/rand_final/t_116_all.asm SUCCESS CPI:7.5 CYCLES:4414 ICOUNT:587 IHITRATE: 74.3 DHITRATE: 75.0
/u/s/i/sinclair/courses/cs552/spring2022/handouts/testprograms/public/rand_final/t_116_ctrl.asm SUCCESS CPI:7.5 CYCLES:8234 ICOUNT:1102 IHITRATE: 74.0 DHITRATE: 81.4
/u/s/i/sinclair/courses/cs552/spring2022/handouts/testprograms/public/rand_final/t_116_icache.asm SUCCESS CPI:22.7 CYCLES:2070 ICOUNT:91 IHITRATE: 47.0 DHITRATE: 0
/u/s/i/sinclair/courses/cs552/spring2022/handouts/testprograms/public/rand_final/t_116_idcache.asm SUCCESS CPI:15.8 CYCLES:5542 ICOUNT:350 IHITRATE: 88.9 DHITRATE: 32.0
/u/s/i/sinclair/courses/cs552/spring2022/handouts/testprograms/public/rand_final/t_116_mem.asm SUCCESS CPI:11.9 CYCLES:17682 ICOUNT:1492 IHITRATE: 83.2 DHITRATE: 93.9
/u/s/i/sinclair/courses/cs552/spring2022/handouts/testprograms/public/rand_final/t_117_all.asm SUCCESS CPI:8.1 CYCLES:3830 ICOUNT:475 IHITRATE: 74.6 DHITRATE: 63.8
/u/s/i/sinclair/courses/cs552/spring2022/handouts/testprograms/public/rand_final/t_117_ctrl.asm SUCCESS CPI:8.0 CYCLES:7222 ICOUNT:898 IHITRATE: 73.7 DHITRATE: 69.6
/u/s/i/sinclair/courses/cs552/spring2022/handouts/testprograms/public/rand_final/t_117_icache.asm SUCCESS CPI:21.5 CYCLES:1890 ICOUNT:88 IHITRATE: 50.0 DHITRATE: 0
/u/s/i/sinclair/courses/cs552/spring2022/handouts/testprograms/public/rand_final/t_117_idcache.asm SUCCESS CPI:14.2 CYCLES:5918 ICOUNT:416 IHITRATE: 88.0 DHITRATE: 33.9
/u/s/i/sinclair/courses/cs552/spring2022/handouts/testprograms/public/rand_final/t_117_mem.asm SUCCESS CPI:11.5 CYCLES:18154 ICOUNT:1572 IHITRATE: 82.8 DHITRATE: 95.8
/u/s/i/sinclair/courses/cs552/spring2022/handouts/testprograms/public/rand_final/t_118_all.asm SUCCESS CPI:7.9 CYCLES:4174 ICOUNT:531 IHITRATE: 73.6 DHITRATE: 70.2
/u/s/i/sinclair/courses/cs552/spring2022/handouts/testprograms/public/rand_final/t_118_ctrl.asm SUCCESS CPI:8.1 CYCLES:6422 ICOUNT:793 IHITRATE: 73.5 DHITRATE: 70.5
/u/s/i/sinclair/courses/cs552/spring2022/handouts/testprograms/public/rand_final/t_118_icache.asm SUCCESS CPI:62.7 CYCLES:1630 ICOUNT:26 IHITRATE: 37.6 DHITRATE: 0
/u/s/i/sinclair/courses/cs552/spring2022/handouts/testprograms/public/rand_final/t_118_idcache.asm SUCCESS CPI:15.4 CYCLES:4978 ICOUNT:323 IHITRATE: 88.7 DHITRATE: 22.5
/u/s/i/sinclair/courses/cs552/spring2022/handouts/testprograms/public/rand_final/t_118_mem.asm SUCCESS CPI:12.3 CYCLES:16722 ICOUNT:1359 IHITRATE: 83.2 DHITRATE: 96.8
/u/s/i/sinclair/courses/cs552/spring2022/handouts/testprograms/public/rand_final/t_119_all.asm SUCCESS CPI:8.0 CYCLES:3418 ICOUNT:427 IHITRATE: 73.2 DHITRATE: 69.4
/u/s/i/sinclair/courses/cs552/spring2022/handouts/testprograms/public/rand_final/t_119_ctrl.asm SUCCESS CPI:8.1 CYCLES:6158 ICOUNT:760 IHITRATE: 73.0 DHITRATE: 72.5
/u/s/i/sinclair/courses/cs552/spring2022/handouts/testprograms/public/rand_final/t_119_icache.asm SUCCESS CPI:43.1 CYCLES:1294 ICOUNT:30 IHITRATE: 43.0 DHITRATE: 0
/u/s/i/sinclair/courses/cs552/spring2022/handouts/testprograms/public/rand_final/t_119_idcache.asm SUCCESS CPI:18.5 CYCLES:2502 ICOUNT:135 IHITRATE: 68.0 DHITRATE: 20.8
/u/s/i/sinclair/courses/cs552/spring2022/handouts/testprograms/public/rand_final/t_119_mem.asm SUCCESS CPI:11.4 CYCLES:17930 ICOUNT:1567 IHITRATE: 83.0 DHITRATE: 93.9
/u/s/i/sinclair/courses/cs552/spring2022/handouts/testprograms/public/rand_final/t_11_mem.asm SUCCESS CPI:11.6 CYCLES:18246 ICOUNT:1571 IHITRATE: 83.0 DHITRATE: 93.2
/u/s/i/sinclair/courses/cs552/spring2022/handouts/testprograms/public/rand_final/t_120_all.asm SUCCESS CPI:8.5 CYCLES:3354 ICOUNT:395 IHITRATE: 71.8 DHITRATE: 80.8
/u/s/i/sinclair/courses/cs552/spring2022/handouts/testprograms/public/rand_final/t_120_ctrl.asm SUCCESS CPI:7.8 CYCLES:7070 ICOUNT:903 IHITRATE: 73.2 DHITRATE: 77.5
/u/s/i/sinclair/courses/cs552/spring2022/handouts/testprograms/public/rand_final/t_120_icache.asm SUCCESS CPI:52.2 CYCLES:1722 ICOUNT:33 IHITRATE: 41.4 DHITRATE: 0
/u/s/i/sinclair/courses/cs552/spring2022/handouts/testprograms/public/rand_final/t_120_idcache.asm SUCCESS CPI:15.0 CYCLES:5522 ICOUNT:368 IHITRATE: 87.9 DHITRATE: 32.7
/u/s/i/sinclair/courses/cs552/spring2022/handouts/testprograms/public/rand_final/t_120_mem.asm SUCCESS CPI:11.8 CYCLES:17450 ICOUNT:1474 IHITRATE: 82.9 DHITRATE: 96.4
/u/s/i/sinclair/courses/cs552/spring2022/handouts/testprograms/public/rand_final/t_121_all.asm SUCCESS CPI:8.6 CYCLES:2798 ICOUNT:327 IHITRATE: 72.5 DHITRATE: 65.2
/u/s/i/sinclair/courses/cs552/spring2022/handouts/testprograms/public/rand_final/t_122_all.asm SUCCESS CPI:8.4 CYCLES:2802 ICOUNT:335 IHITRATE: 73.2 DHITRATE: 69.2
/u/s/i/sinclair/courses/cs552/spring2022/handouts/testprograms/public/rand_final/t_123_all.asm SUCCESS CPI:7.8 CYCLES:4042 ICOUNT:515 IHITRATE: 73.5 DHITRATE: 63.2
/u/s/i/sinclair/courses/cs552/spring2022/handouts/testprograms/public/rand_final/t_124_all.asm SUCCESS CPI:7.8 CYCLES:2878 ICOUNT:371 IHITRATE: 74.0 DHITRATE: 65.4
/u/s/i/sinclair/courses/cs552/spring2022/handouts/testprograms/public/rand_final/t_125_all.asm SUCCESS CPI:8.2 CYCLES:4238 ICOUNT:514 IHITRATE: 74.2 DHITRATE: 55.2
/u/s/i/sinclair/courses/cs552/spring2022/handouts/testprograms/public/rand_final/t_126_all.asm SUCCESS CPI:7.6 CYCLES:4758 ICOUNT:623 IHITRATE: 74.5 DHITRATE: 55.8
/u/s/i/sinclair/courses/cs552/spring2022/handouts/testprograms/public/rand_final/t_127_all.asm SUCCESS CPI:7.7 CYCLES:3634 ICOUNT:473 IHITRATE: 73.6 DHITRATE: 72.7
/u/s/i/sinclair/courses/cs552/spring2022/handouts/testprograms/public/rand_final/t_128_all.asm SUCCESS CPI:8.3 CYCLES:3674 ICOUNT:440 IHITRATE: 72.2 DHITRATE: 64.5
/u/s/i/sinclair/courses/cs552/spring2022/handouts/testprograms/public/rand_final/t_129_all.asm SUCCESS CPI:8.1 CYCLES:3634 ICOUNT:450 IHITRATE: 74.1 DHITRATE: 70.8
/u/s/i/sinclair/courses/cs552/spring2022/handouts/testprograms/public/rand_final/t_12_mem.asm SUCCESS CPI:12.2 CYCLES:17386 ICOUNT:1426 IHITRATE: 83.1 DHITRATE: 96.5
/u/s/i/sinclair/courses/cs552/spring2022/handouts/testprograms/public/rand_final/t_130_all.asm SUCCESS CPI:7.5 CYCLES:4994 ICOUNT:667 IHITRATE: 75.5 DHITRATE: 70.9
/u/s/i/sinclair/courses/cs552/spring2022/handouts/testprograms/public/rand_final/t_131_all.asm SUCCESS CPI:7.5 CYCLES:4298 ICOUNT:570 IHITRATE: 74.2 DHITRATE: 83.3
/u/s/i/sinclair/courses/cs552/spring2022/handouts/testprograms/public/rand_final/t_132_all.asm SUCCESS CPI:7.8 CYCLES:3790 ICOUNT:489 IHITRATE: 74.0 DHITRATE: 63.9
/u/s/i/sinclair/courses/cs552/spring2022/handouts/testprograms/public/rand_final/t_133_all.asm SUCCESS CPI:7.7 CYCLES:3562 ICOUNT:462 IHITRATE: 74.6 DHITRATE: 64.1
/u/s/i/sinclair/courses/cs552/spring2022/handouts/testprograms/public/rand_final/t_134_all.asm SUCCESS CPI:7.7 CYCLES:3822 ICOUNT:495 IHITRATE: 75.3 DHITRATE: 68.2
/u/s/i/sinclair/courses/cs552/spring2022/handouts/testprograms/public/rand_final/t_135_all.asm SUCCESS CPI:7.6 CYCLES:4722 ICOUNT:625 IHITRATE: 74.9 DHITRATE: 65.4
/u/s/i/sinclair/courses/cs552/spring2022/handouts/testprograms/public/rand_final/t_136_all.asm SUCCESS CPI:8.0 CYCLES:3478 ICOUNT:433 IHITRATE: 73.6 DHITRATE: 69.2
/u/s/i/sinclair/courses/cs552/spring2022/handouts/testprograms/public/rand_final/t_137_all.asm SUCCESS CPI:7.6 CYCLES:4206 ICOUNT:555 IHITRATE: 74.4 DHITRATE: 65.8
/u/s/i/sinclair/courses/cs552/spring2022/handouts/testprograms/public/rand_final/t_138_all.asm SUCCESS CPI:7.7 CYCLES:4882 ICOUNT:637 IHITRATE: 74.3 DHITRATE: 73.7
/u/s/i/sinclair/courses/cs552/spring2022/handouts/testprograms/public/rand_final/t_139_all.asm SUCCESS CPI:8.5 CYCLES:3206 ICOUNT:379 IHITRATE: 72.5 DHITRATE: 52.2
/u/s/i/sinclair/courses/cs552/spring2022/handouts/testprograms/public/rand_final/t_13_mem.asm SUCCESS CPI:11.9 CYCLES:17314 ICOUNT:1455 IHITRATE: 83.1 DHITRATE: 95.8
/u/s/i/sinclair/courses/cs552/spring2022/handouts/testprograms/public/rand_final/t_140_all.asm SUCCESS CPI:7.7 CYCLES:3222 ICOUNT:418 IHITRATE: 73.6 DHITRATE: 64.5
/u/s/i/sinclair/courses/cs552/spring2022/handouts/testprograms/public/rand_final/t_141_all.asm SUCCESS CPI:7.4 CYCLES:3806 ICOUNT:511 IHITRATE: 74.6 DHITRATE: 84.4
/u/s/i/sinclair/courses/cs552/spring2022/handouts/testprograms/public/rand_final/t_142_all.asm SUCCESS CPI:7.9 CYCLES:3182 ICOUNT:404 IHITRATE: 73.7 DHITRATE: 73.3
/u/s/i/sinclair/courses/cs552/spring2022/handouts/testprograms/public/rand_final/t_143_all.asm SUCCESS CPI:7.4 CYCLES:3910 ICOUNT:526 IHITRATE: 74.7 DHITRATE: 70.6
/u/s/i/sinclair/courses/cs552/spring2022/handouts/testprograms/public/rand_final/t_144_all.asm SUCCESS CPI:8.1 CYCLES:3594 ICOUNT:442 IHITRATE: 72.6 DHITRATE: 60.0
/u/s/i/sinclair/courses/cs552/spring2022/handouts/testprograms/public/rand_final/t_145_all.asm SUCCESS CPI:7.8 CYCLES:3550 ICOUNT:456 IHITRATE: 74.2 DHITRATE: 63.9
/u/s/i/sinclair/courses/cs552/spring2022/handouts/testprograms/public/rand_final/t_146_all.asm SUCCESS CPI:7.7 CYCLES:4850 ICOUNT:630 IHITRATE: 74.8 DHITRATE: 73.7
/u/s/i/sinclair/courses/cs552/spring2022/handouts/testprograms/public/rand_final/t_147_all.asm SUCCESS CPI:7.7 CYCLES:3526 ICOUNT:458 IHITRATE: 73.9 DHITRATE: 73.3
/u/s/i/sinclair/courses/cs552/spring2022/handouts/testprograms/public/rand_final/t_148_all.asm SUCCESS CPI:7.9 CYCLES:3730 ICOUNT:471 IHITRATE: 74.4 DHITRATE: 70.7
/u/s/i/sinclair/courses/cs552/spring2022/handouts/testprograms/public/rand_final/t_149_all.asm SUCCESS CPI:7.7 CYCLES:3574 ICOUNT:465 IHITRATE: 74.5 DHITRATE: 67.9
/u/s/i/sinclair/courses/cs552/spring2022/handouts/testprograms/public/rand_final/t_14_mem.asm SUCCESS CPI:12.3 CYCLES:17054 ICOUNT:1385 IHITRATE: 83.3 DHITRATE: 94.2
/u/s/i/sinclair/courses/cs552/spring2022/handouts/testprograms/public/rand_final/t_150_all.asm SUCCESS CPI:7.8 CYCLES:4110 ICOUNT:524 IHITRATE: 73.0 DHITRATE: 75.0
/u/s/i/sinclair/courses/cs552/spring2022/handouts/testprograms/public/rand_final/t_15_mem.asm SUCCESS CPI:12.0 CYCLES:17474 ICOUNT:1459 IHITRATE: 83.0 DHITRATE: 97.0
/u/s/i/sinclair/courses/cs552/spring2022/handouts/testprograms/public/rand_final/t_16_mem.asm SUCCESS CPI:11.9 CYCLES:17402 ICOUNT:1466 IHITRATE: 83.0 DHITRATE: 96.9
/u/s/i/sinclair/courses/cs552/spring2022/handouts/testprograms/public/rand_final/t_17_mem.asm SUCCESS CPI:11.6 CYCLES:17594 ICOUNT:1515 IHITRATE: 82.9 DHITRATE: 95.7
/u/s/i/sinclair/courses/cs552/spring2022/handouts/testprograms/public/rand_final/t_18_mem.asm SUCCESS CPI:12.0 CYCLES:17114 ICOUNT:1423 IHITRATE: 83.3 DHITRATE: 95.1
/u/s/i/sinclair/courses/cs552/spring2022/handouts/testprograms/public/rand_final/t_19_mem.asm SUCCESS CPI:12.1 CYCLES:17002 ICOUNT:1400 IHITRATE: 83.3 DHITRATE: 96.0
