/u/s/i/sinclair/courses/cs552/spring2022/handouts/testprograms/public/rand_ldst/ldld.asm SUCCESS CPI:10.9 CYCLES:634 ICOUNT:58 IHITRATE: 97.3 DHITRATE: 72.7
/u/s/i/sinclair/courses/cs552/spring2022/handouts/testprograms/public/rand_ldst/ldld_rand_large.asm SUCCESS CPI:8.8 CYCLES:9122 ICOUNT:1035 IHITRATE: 99.8 DHITRATE: 96.8
/u/s/i/sinclair/courses/cs552/spring2022/handouts/testprograms/public/rand_ldst/ldld_rand_large_1.asm SUCCESS CPI:8.7 CYCLES:9034 ICOUNT:1035 IHITRATE: 99.8 DHITRATE: 98.1
/u/s/i/sinclair/courses/cs552/spring2022/handouts/testprograms/public/rand_ldst/ldld_rand_large_2.asm SUCCESS CPI:8.6 CYCLES:8934 ICOUNT:1035 IHITRATE: 99.8 DHITRATE: 99.5
/u/s/i/sinclair/courses/cs552/spring2022/handouts/testprograms/public/rand_ldst/ldld_rand_large_3.asm SUCCESS CPI:8.7 CYCLES:9010 ICOUNT:1035 IHITRATE: 99.8 DHITRATE: 98.4
/u/s/i/sinclair/courses/cs552/spring2022/handouts/testprograms/public/rand_ldst/ldld_rand_large_4.asm SUCCESS CPI:8.8 CYCLES:9106 ICOUNT:1035 IHITRATE: 99.8 DHITRATE: 97.1
/u/s/i/sinclair/courses/cs552/spring2022/handouts/testprograms/public/rand_ldst/ldld_rand_large_5.asm SUCCESS CPI:8.8 CYCLES:9122 ICOUNT:1035 IHITRATE: 99.8 DHITRATE: 96.8
/u/s/i/sinclair/courses/cs552/spring2022/handouts/testprograms/public/rand_ldst/ldld_rand_large_6.asm SUCCESS CPI:8.8 CYCLES:9114 ICOUNT:1035 IHITRATE: 99.8 DHITRATE: 96.9
/u/s/i/sinclair/courses/cs552/spring2022/handouts/testprograms/public/rand_ldst/ldld_rand_large_7.asm SUCCESS CPI:8.9 CYCLES:9162 ICOUNT:1035 IHITRATE: 99.8 DHITRATE: 96.3
/u/s/i/sinclair/courses/cs552/spring2022/handouts/testprograms/public/rand_ldst/ldld_rand_large_8.asm SUCCESS CPI:8.7 CYCLES:9042 ICOUNT:1035 IHITRATE: 99.8 DHITRATE: 98.0
/u/s/i/sinclair/courses/cs552/spring2022/handouts/testprograms/public/rand_ldst/ldld_rand_large_9.asm SUCCESS CPI:8.7 CYCLES:9026 ICOUNT:1035 IHITRATE: 99.8 DHITRATE: 98.2
/u/s/i/sinclair/courses/cs552/spring2022/handouts/testprograms/public/rand_ldst/ldld_rand_small.asm SUCCESS CPI:8.8 CYCLES:9122 ICOUNT:1035 IHITRATE: 99.8 DHITRATE: 96.8
/u/s/i/sinclair/courses/cs552/spring2022/handouts/testprograms/public/rand_ldst/ldld_rand_small_1.asm SUCCESS CPI:8.7 CYCLES:9034 ICOUNT:1035 IHITRATE: 99.8 DHITRATE: 98.1
/u/s/i/sinclair/courses/cs552/spring2022/handouts/testprograms/public/rand_ldst/ldld_rand_small_2.asm SUCCESS CPI:8.6 CYCLES:8934 ICOUNT:1035 IHITRATE: 99.8 DHITRATE: 99.5
/u/s/i/sinclair/courses/cs552/spring2022/handouts/testprograms/public/rand_ldst/ldld_rand_small_3.asm SUCCESS CPI:8.7 CYCLES:9010 ICOUNT:1035 IHITRATE: 99.8 DHITRATE: 98.4
/u/s/i/sinclair/courses/cs552/spring2022/handouts/testprograms/public/rand_ldst/ldld_rand_small_4.asm SUCCESS CPI:8.8 CYCLES:9106 ICOUNT:1035 IHITRATE: 99.8 DHITRATE: 97.1
/u/s/i/sinclair/courses/cs552/spring2022/handouts/testprograms/public/rand_ldst/ldld_rand_small_5.asm SUCCESS CPI:8.8 CYCLES:9122 ICOUNT:1035 IHITRATE: 99.8 DHITRATE: 96.8
/u/s/i/sinclair/courses/cs552/spring2022/handouts/testprograms/public/rand_ldst/ldld_rand_small_6.asm SUCCESS CPI:8.8 CYCLES:9114 ICOUNT:1035 IHITRATE: 99.8 DHITRATE: 96.9
/u/s/i/sinclair/courses/cs552/spring2022/handouts/testprograms/public/rand_ldst/ldld_rand_small_7.asm SUCCESS CPI:8.9 CYCLES:9162 ICOUNT:1035 IHITRATE: 99.8 DHITRATE: 96.3
/u/s/i/sinclair/courses/cs552/spring2022/handouts/testprograms/public/rand_ldst/ldld_rand_small_8.asm SUCCESS CPI:8.7 CYCLES:9042 ICOUNT:1035 IHITRATE: 99.8 DHITRATE: 98.0
/u/s/i/sinclair/courses/cs552/spring2022/handouts/testprograms/public/rand_ldst/ldld_rand_small_9.asm SUCCESS CPI:8.7 CYCLES:9026 ICOUNT:1035 IHITRATE: 99.8 DHITRATE: 98.2
/u/s/i/sinclair/courses/cs552/spring2022/handouts/testprograms/public/rand_ldst/ldst.asm SUCCESS CPI:9.7 CYCLES:986 ICOUNT:102 IHITRATE: 97.9 DHITRATE: 86.4
/u/s/i/sinclair/courses/cs552/spring2022/handouts/testprograms/public/rand_ldst/ldst_rand_large.asm SUCCESS CPI:7.4 CYCLES:10510 ICOUNT:1417 IHITRATE: 99.7 DHITRATE: 91.4
/u/s/i/sinclair/courses/cs552/spring2022/handouts/testprograms/public/rand_ldst/ldst_rand_large_1.asm SUCCESS CPI:7.1 CYCLES:10078 ICOUNT:1417 IHITRATE: 99.6 DHITRATE: 97.4
/u/s/i/sinclair/courses/cs552/spring2022/handouts/testprograms/public/rand_ldst/ldst_rand_large_2.asm SUCCESS CPI:7.1 CYCLES:10046 ICOUNT:1417 IHITRATE: 99.6 DHITRATE: 97.9
/u/s/i/sinclair/courses/cs552/spring2022/handouts/testprograms/public/rand_ldst/ldst_rand_large_3.asm SUCCESS CPI:7.1 CYCLES:10126 ICOUNT:1417 IHITRATE: 99.6 DHITRATE: 96.8
/u/s/i/sinclair/courses/cs552/spring2022/handouts/testprograms/public/rand_ldst/ldst_rand_large_4.asm SUCCESS CPI:7.1 CYCLES:10046 ICOUNT:1417 IHITRATE: 99.6 DHITRATE: 97.9
/u/s/i/sinclair/courses/cs552/spring2022/handouts/testprograms/public/rand_ldst/ldst_rand_large_5.asm SUCCESS CPI:7.4 CYCLES:10446 ICOUNT:1417 IHITRATE: 99.7 DHITRATE: 92.3
/u/s/i/sinclair/courses/cs552/spring2022/handouts/testprograms/public/rand_ldst/ldst_rand_large_6.asm SUCCESS CPI:7.3 CYCLES:10286 ICOUNT:1417 IHITRATE: 99.6 DHITRATE: 94.5
/u/s/i/sinclair/courses/cs552/spring2022/handouts/testprograms/public/rand_ldst/ldst_rand_large_7.asm SUCCESS CPI:7.3 CYCLES:10286 ICOUNT:1417 IHITRATE: 99.6 DHITRATE: 94.5
/u/s/i/sinclair/courses/cs552/spring2022/handouts/testprograms/public/rand_ldst/ldst_rand_large_8.asm SUCCESS CPI:7.4 CYCLES:10462 ICOUNT:1417 IHITRATE: 99.7 DHITRATE: 92.0
/u/s/i/sinclair/courses/cs552/spring2022/handouts/testprograms/public/rand_ldst/ldst_rand_large_9.asm SUCCESS CPI:7.1 CYCLES:10062 ICOUNT:1417 IHITRATE: 99.6 DHITRATE: 97.6
/u/s/i/sinclair/courses/cs552/spring2022/handouts/testprograms/public/rand_ldst/ldst_rand_small.asm SUCCESS CPI:7.2 CYCLES:10254 ICOUNT:1417 IHITRATE: 99.6 DHITRATE: 95.0
/u/s/i/sinclair/courses/cs552/spring2022/handouts/testprograms/public/rand_ldst/ldst_rand_small_1.asm SUCCESS CPI:7.1 CYCLES:10078 ICOUNT:1417 IHITRATE: 99.6 DHITRATE: 97.4
/u/s/i/sinclair/courses/cs552/spring2022/handouts/testprograms/public/rand_ldst/ldst_rand_small_2.asm SUCCESS CPI:7.1 CYCLES:10046 ICOUNT:1417 IHITRATE: 99.6 DHITRATE: 97.9
/u/s/i/sinclair/courses/cs552/spring2022/handouts/testprograms/public/rand_ldst/ldst_rand_small_3.asm SUCCESS CPI:7.1 CYCLES:10126 ICOUNT:1417 IHITRATE: 99.6 DHITRATE: 96.8
/u/s/i/sinclair/courses/cs552/spring2022/handouts/testprograms/public/rand_ldst/ldst_rand_small_4.asm SUCCESS CPI:7.1 CYCLES:10046 ICOUNT:1417 IHITRATE: 99.6 DHITRATE: 97.9
/u/s/i/sinclair/courses/cs552/spring2022/handouts/testprograms/public/rand_ldst/ldst_rand_small_5.asm SUCCESS CPI:7.4 CYCLES:10446 ICOUNT:1417 IHITRATE: 99.7 DHITRATE: 92.3
/u/s/i/sinclair/courses/cs552/spring2022/handouts/testprograms/public/rand_ldst/ldst_rand_small_6.asm SUCCESS CPI:7.3 CYCLES:10286 ICOUNT:1417 IHITRATE: 99.6 DHITRATE: 94.5
/u/s/i/sinclair/courses/cs552/spring2022/handouts/testprograms/public/rand_ldst/ldst_rand_small_7.asm SUCCESS CPI:7.3 CYCLES:10286 ICOUNT:1417 IHITRATE: 99.6 DHITRATE: 94.5
/u/s/i/sinclair/courses/cs552/spring2022/handouts/testprograms/public/rand_ldst/ldst_rand_small_8.asm SUCCESS CPI:7.4 CYCLES:10462 ICOUNT:1417 IHITRATE: 99.7 DHITRATE: 92.0
/u/s/i/sinclair/courses/cs552/spring2022/handouts/testprograms/public/rand_ldst/ldst_rand_small_9.asm SUCCESS CPI:7.1 CYCLES:10062 ICOUNT:1417 IHITRATE: 99.6 DHITRATE: 97.6
/u/s/i/sinclair/courses/cs552/spring2022/handouts/testprograms/public/rand_ldst/rpt_ld_test_0.asm SUCCESS CPI:9.8 CYCLES:98 ICOUNT:10 IHITRATE: 83.3 DHITRATE: 85.7
/u/s/i/sinclair/courses/cs552/spring2022/handouts/testprograms/public/rand_ldst/rpt_ld_test_1.asm SUCCESS CPI:15.7 CYCLES:110 ICOUNT:7 IHITRATE: 78.9 DHITRATE: 75.0
/u/s/i/sinclair/courses/cs552/spring2022/handouts/testprograms/public/rand_ldst/rpt_reg_test_0.asm SUCCESS CPI:7.3 CYCLES:66 ICOUNT:9 IHITRATE: 70.0 DHITRATE: 0
/u/s/i/sinclair/courses/cs552/spring2022/handouts/testprograms/public/rand_ldst/rpt_reg_test_1.asm SUCCESS CPI:12.8 CYCLES:90 ICOUNT:7 IHITRATE: 71.4 DHITRATE: 0
/u/s/i/sinclair/courses/cs552/spring2022/handouts/testprograms/public/rand_ldst/rpt_st_test_0.asm SUCCESS CPI:9.8 CYCLES:98 ICOUNT:10 IHITRATE: 83.3 DHITRATE: 85.7
/u/s/i/sinclair/courses/cs552/spring2022/handouts/testprograms/public/rand_ldst/rpt_st_test_1.asm SUCCESS CPI:15.7 CYCLES:110 ICOUNT:7 IHITRATE: 78.9 DHITRATE: 75.0
