SIMLOG:: Cycle           4 PC: 00000000 I: 00000800 R: 0   0 00000000 M: 0 0 00000000 00000000
SIMLOG:: Cycle           5 PC: 00000000 I: 00000800 R: 0   0 00000000 M: 0 0 00000000 00000000
SIMLOG:: Cycle           6 PC: 00000000 I: 00000800 R: 0   0 00000000 M: 0 0 00000000 00000000
SIMLOG:: Cycle           7 PC: 00000000 I: 00000800 R: 0   0 00000000 M: 0 0 0000ffff 0000ffff
SIMLOG:: Cycle           8 PC: 00000002 I: 00000800 R: 0   7 0000ffff M: 0 0 0000ffff 0000ffff
SIMLOG:: Cycle           9 PC: 00000002 I: 00000800 R: 0   7 0000ffff M: 0 0 0000ffff 0000ffff
SIMLOG:: Cycle          10 PC: 00000002 I: 00000800 R: 0   7 0000ffff M: 0 0 0000ffff 0000ffff
SIMLOG:: Cycle          11 PC: 00000002 I: 00000800 R: 0   7 0000ffff M: 0 0 0000ffff 0000ffff
SIMLOG:: Cycle          12 PC: 00000002 I: 00000800 R: 0   7 0000ffff M: 0 0 0000ffff 0000ffff
SIMLOG:: Cycle          13 PC: 00000002 I: 00000800 R: 0   7 0000ffff M: 0 0 0000ffff 0000ffff
SIMLOG:: Cycle          14 PC: 00000002 I: 0000c132 R: 0   7 0000ffff M: 0 0 0000ffff 0000ffff
SIMLOG:: Cycle          15 PC: 00000002 I: 00000800 R: 0   7 0000ffff M: 0 0 0000ffff 0000ffff
SIMLOG:: Cycle          16 PC: 00000002 I: 0000c202 R: 0   7 0000ffff M: 0 0 0000ffff 0000ffff
SIMLOG:: Cycle          17 PC: 00000002 I: 00000800 R: 0   7 0000ffff M: 0 0 00000032 00000000
SIMLOG:: Cycle          18 PC: 00000002 I: 0000c304 R: 1   1 00000032 M: 0 0 0000ffff 0000ffff
SIMLOG:: Cycle          19 PC: 00000004 I: 00000800 R: 0   7 0000ffff M: 0 0 00000002 00000000
SIMLOG:: Cycle          20 PC: 00000004 I: 0000c406 R: 1   2 00000002 M: 0 0 0000ffff 0000ffff
SIMLOG:: Cycle          21 PC: 00000006 I: 00000800 R: 0   7 0000ffff M: 0 0 00000004 00000000
SIMLOG:: Cycle          22 PC: 00000006 I: 00000800 R: 1   3 00000004 M: 0 0 0000ffff 0000ffff
SIMLOG:: Cycle          23 PC: 00000008 I: 00000800 R: 0   7 0000ffff M: 0 0 00000006 00000000
SIMLOG:: Cycle          24 PC: 00000008 I: 00000800 R: 1   4 00000006 M: 0 0 0000ffff 0000ffff
SIMLOG:: Cycle          25 PC: 0000000a I: 00000800 R: 0   7 0000ffff M: 0 0 0000ffff 0000ffff
SIMLOG:: Cycle          26 PC: 0000000a I: 00000800 R: 0   7 0000ffff M: 0 0 0000ffff 0000ffff
SIMLOG:: Cycle          27 PC: 0000000a I: 00000800 R: 0   7 0000ffff M: 0 0 0000ffff 0000ffff
SIMLOG:: Cycle          28 PC: 0000000a I: 00000800 R: 0   7 0000ffff M: 0 0 0000ffff 0000ffff
SIMLOG:: Cycle          29 PC: 0000000a I: 00000800 R: 0   7 0000ffff M: 0 0 0000ffff 0000ffff
SIMLOG:: Cycle          30 PC: 0000000a I: 00000800 R: 0   7 0000ffff M: 0 0 0000ffff 0000ffff
SIMLOG:: Cycle          31 PC: 0000000a I: 00008140 R: 0   7 0000ffff M: 0 0 0000ffff 0000ffff
SIMLOG:: Cycle          32 PC: 0000000a I: 00000800 R: 0   7 0000ffff M: 0 0 0000ffff 0000ffff
SIMLOG:: Cycle          33 PC: 0000000a I: 0000816a R: 0   7 0000ffff M: 0 0 0000ffff 0000ffff
SIMLOG:: Cycle          34 PC: 0000000a I: 00000800 R: 0   7 0000ffff M: 0 1 00000032 00000002
SIMLOG:: Cycle          35 PC: 0000ffff I: 00008194 R: 0   7 0000ffff M: 0 1 00000032 00000002
SIMLOG:: Cycle          36 PC: 0000ffff I: 00000800 R: 0   7 0000ffff M: 0 1 00000032 00000002
SIMLOG:: Cycle          37 PC: 0000ffff I: 00008194 R: 0   7 0000ffff M: 0 1 00000032 00000002
SIMLOG:: Cycle          38 PC: 0000ffff I: 00000800 R: 0   7 0000ffff M: 0 1 00000032 00000002
SIMLOG:: Cycle          39 PC: 0000ffff I: 00008194 R: 0   7 0000ffff M: 0 1 00000032 00000002
SIMLOG:: Cycle          40 PC: 0000ffff I: 00000800 R: 0   7 0000ffff M: 0 1 00000032 00000002
SIMLOG:: Cycle          41 PC: 0000ffff I: 00008194 R: 0   7 0000ffff M: 0 1 00000032 00000002
SIMLOG:: Cycle          42 PC: 0000ffff I: 00000800 R: 0   7 0000ffff M: 0 1 00000032 00000002
SIMLOG:: Cycle          43 PC: 0000ffff I: 00008194 R: 0   7 0000ffff M: 0 1 00000032 00000002
SIMLOG:: Cycle          44 PC: 0000ffff I: 00000800 R: 0   7 0000ffff M: 0 1 00000032 00000002
SIMLOG:: Cycle          45 PC: 0000000a I: 00008194 R: 0   1 00000032 M: 0 0 0000ffff 0000ffff
SIMLOG:: Cycle          46 PC: 0000ffff I: 00000800 R: 0   7 0000ffff M: 0 0 0000ffff 0000ffff
SIMLOG:: Cycle          47 PC: 0000ffff I: 0000894a R: 0   7 0000ffff M: 0 1 0000003c 00000004
SIMLOG:: Cycle          48 PC: 0000ffff I: 00000800 R: 0   7 0000ffff M: 0 1 0000003c 00000004
SIMLOG:: Cycle          49 PC: 0000ffff I: 0000894a R: 0   7 0000ffff M: 0 1 0000003c 00000004
SIMLOG:: Cycle          50 PC: 0000ffff I: 00000800 R: 0   7 0000ffff M: 0 1 0000003c 00000004
SIMLOG:: Cycle          51 PC: 0000ffff I: 0000894a R: 0   7 0000ffff M: 0 1 0000003c 00000004
SIMLOG:: Cycle          52 PC: 0000ffff I: 00000800 R: 0   7 0000ffff M: 0 1 0000003c 00000004
SIMLOG:: Cycle          53 PC: 0000ffff I: 0000894a R: 0   7 0000ffff M: 0 1 0000003c 00000004
SIMLOG:: Cycle          54 PC: 0000ffff I: 00000800 R: 0   7 0000ffff M: 0 1 0000003c 00000004
SIMLOG:: Cycle          55 PC: 0000ffff I: 0000894a R: 0   7 0000ffff M: 0 1 0000003c 00000004
SIMLOG:: Cycle          56 PC: 0000000c I: 00000800 R: 0   1 0000003c M: 0 0 0000ffff 0000ffff
SIMLOG:: Cycle          57 PC: 0000ffff I: 0000894a R: 0   7 0000ffff M: 0 0 0000ffff 0000ffff
SIMLOG:: Cycle          58 PC: 0000ffff I: 00000800 R: 0   7 0000ffff M: 0 1 00000026 00000006
SIMLOG:: Cycle          59 PC: 0000ffff I: 00000800 R: 0   7 0000ffff M: 0 1 00000026 00000006
SIMLOG:: Cycle          60 PC: 0000ffff I: 00000800 R: 0   7 0000ffff M: 0 1 00000026 00000006
SIMLOG:: Cycle          61 PC: 0000ffff I: 00000800 R: 0   7 0000ffff M: 0 1 00000026 00000006
SIMLOG:: Cycle          62 PC: 0000ffff I: 00000800 R: 0   7 0000ffff M: 0 1 00000026 00000006
SIMLOG:: Cycle          63 PC: 0000ffff I: 00000800 R: 0   7 0000ffff M: 0 1 00000026 00000006
SIMLOG:: Cycle          64 PC: 0000ffff I: 00000800 R: 0   7 0000ffff M: 0 1 00000026 00000006
SIMLOG:: Cycle          65 PC: 0000ffff I: 00000800 R: 0   7 0000ffff M: 0 1 00000026 00000006
SIMLOG:: Cycle          66 PC: 0000ffff I: 00000800 R: 0   7 0000ffff M: 0 1 00000026 00000006
SIMLOG:: Cycle          67 PC: 0000000e I: 00000800 R: 0   1 00000026 M: 0 0 0000ffff 0000ffff
SIMLOG:: Cycle          68 PC: 0000ffff I: 00008974 R: 0   7 0000ffff M: 0 0 0000ffff 0000ffff
SIMLOG:: Cycle          69 PC: 0000ffff I: 00000800 R: 0   7 0000ffff M: 1 0 0000003c 00000002
SIMLOG:: Cycle          70 PC: 0000ffff I: 00008980 R: 0   7 0000ffff M: 1 0 0000003c 00000002
SIMLOG:: Cycle          71 PC: 0000ffff I: 00000800 R: 0   7 0000ffff M: 1 0 0000003c 00000002
SIMLOG:: Cycle          72 PC: 0000ffff I: 00000000 R: 0   7 0000ffff M: 1 0 0000003c 00000002
SIMLOG:: Cycle          73 PC: 0000ffff I: 00000800 R: 0   7 0000ffff M: 1 0 0000003c 00000002
SIMLOG:: Cycle          74 PC: 0000ffff I: 00000000 R: 0   7 0000ffff M: 1 0 0000003c 00000002
SIMLOG:: Cycle          75 PC: 0000ffff I: 00000800 R: 0   7 0000ffff M: 1 0 0000003c 00000002
SIMLOG:: Cycle          76 PC: 0000ffff I: 00000000 R: 0   7 0000ffff M: 1 0 0000003c 00000002
SIMLOG:: Cycle          77 PC: 0000ffff I: 00000800 R: 0   7 0000ffff M: 1 0 0000003c 00000002
SIMLOG:: Cycle          78 PC: 00000010 I: 00000000 R: 1   2 00000000 M: 0 0 0000ffff 0000ffff
SIMLOG:: Cycle          79 PC: 00000016 I: 00000800 R: 0   7 0000ffff M: 0 0 00000000 00000000
SIMLOG:: Cycle          80 PC: 00000016 I: 00000000 R: 0   0 00000000 M: 0 0 0000ffff 0000ffff
SIMLOG:: Processor halted

SIMLOG:: sim_cycles          80

SIMLOG:: inst_count          35

SIMLOG:: dcachehit_count           4

SIMLOG:: icachehit_count          25

SIMLOG:: dcachereq_count           8

SIMLOG:: icachereq_count          28

